2023-05-23 16:49:36.901674+01:00 Script Start 
2023-05-24 14:28:00.455207+01:00 - get Error - failed to connect 
2023-05-24 14:28:00.457050+01:00 - getweather Error - Failed to fetch source 
2023-05-25 10:28:00.769893+01:00 - get Error - failed to connect 
2023-05-25 10:28:00.770851+01:00 - getweather Error - Failed to fetch source 
2023-05-25 10:33:00.805179+01:00 - get Error - failed to connect 
2023-05-25 10:33:00.805179+01:00 - getweather Error - Failed to fetch source 
2023-05-27 12:32:30.376209+01:00 - get Error - failed to connect 
2023-05-27 12:32:30.376209+01:00 - getstatuses Error - Failed to fetch source 
2023-05-27 12:32:30.377206+01:00 - getstatuses Error - Failed to fetch source 
2023-05-27 12:32:30.381196+01:00 - get Error - failed to connect 
2023-05-27 12:32:30.382195+01:00 - getstats Error - Failed to fetch source 
2023-05-27 12:32:30.383191+01:00 - getstats Error - Failed to parse source 
2023-05-27 12:32:45.461986+01:00 - news.config Error - title does not exist 
2023-05-27 12:32:45.461986+01:00 - get Error - failed to connect 
2023-05-27 12:32:45.462983+01:00 - get Error - failed to connect 
2023-05-27 12:32:45.463980+01:00 - getstatuses Error - Failed to fetch source 
2023-05-27 12:32:45.463980+01:00 - getstatuses Error - Failed to fetch source 
2023-05-27 12:32:45.466972+01:00 - get Error - failed to connect 
2023-05-27 12:32:45.467998+01:00 - getstats Error - Failed to fetch source 
2023-05-27 12:32:45.468967+01:00 - getstats Error - Failed to parse source 
2023-05-27 12:33:00.478875+01:00 - news.config Error - title does not exist 
2023-05-27 12:33:00.479872+01:00 - get Error - failed to connect 
2023-05-27 12:33:00.479872+01:00 - get Error - failed to connect 
2023-05-27 12:33:00.481867+01:00 - getstatuses Error - Failed to fetch source 
2023-05-27 12:33:00.481867+01:00 - getstatuses Error - Failed to fetch source 
2023-05-27 12:33:00.481867+01:00 - get Error - failed to connect 
2023-05-27 12:33:00.482864+01:00 - getweather Error - Failed to fetch source 
2023-05-27 12:33:00.483862+01:00 - get Error - failed to connect 
2023-05-27 12:33:00.483862+01:00 - getweather Error - Failed to fetch source 
2023-05-27 12:33:00.485856+01:00 - get Error - failed to connect 
2023-05-27 12:33:00.486854+01:00 - getweather Error - Failed to fetch source 
2023-05-27 12:33:00.487852+01:00 - get Error - failed to connect 
2023-05-27 12:33:00.487852+01:00 - getstats Error - Failed to fetch source 
2023-05-27 12:33:00.487852+01:00 - get Error - failed to connect 
2023-05-27 12:33:00.487852+01:00 - getstats Error - Failed to parse source 
2023-05-27 12:33:00.487852+01:00 - getweather Error - Failed to fetch source 
2023-05-27 12:33:00.490843+01:00 - get Error - failed to connect 
2023-05-27 12:33:00.490843+01:00 - getweather Error - Failed to fetch source 
2023-05-27 12:33:15.493899+01:00 - news.config Error - title does not exist 
2023-05-27 12:33:15.494907+01:00 - get Error - failed to connect 
2023-05-27 12:33:15.494907+01:00 - get Error - failed to connect 
2023-05-27 12:33:15.494907+01:00 - getstatuses Error - Failed to fetch source 
2023-05-27 12:33:15.495868+01:00 - getstatuses Error - Failed to fetch source 
2023-05-27 12:33:15.498884+01:00 - get Error - failed to connect 
2023-05-27 12:33:15.499875+01:00 - getstats Error - Failed to fetch source 
2023-05-27 12:33:15.500855+01:00 - getstats Error - Failed to parse source 
2023-05-27 12:33:30.508875+01:00 - news.config Error - title does not exist 
2023-05-27 12:33:30.508875+01:00 - get Error - failed to connect 
2023-05-27 12:33:30.509871+01:00 - get Error - failed to connect 
2023-05-27 12:33:30.509871+01:00 - getstatuses Error - Failed to fetch source 
2023-05-27 12:33:30.509871+01:00 - getstatuses Error - Failed to fetch source 
2023-05-27 12:33:30.513860+01:00 - get Error - failed to connect 
2023-05-27 12:33:30.513860+01:00 - getstats Error - Failed to fetch source 
2023-05-27 12:33:30.513860+01:00 - getstats Error - Failed to parse source 
2023-05-27 12:33:45.523868+01:00 - news.config Error - title does not exist 
2023-05-27 12:33:45.523868+01:00 - get Error - failed to connect 
2023-05-27 12:33:45.523868+01:00 - get Error - failed to connect 
2023-05-27 12:33:45.524865+01:00 - getstatuses Error - Failed to fetch source 
2023-05-27 12:33:45.524865+01:00 - getstatuses Error - Failed to fetch source 
2023-05-27 12:33:45.528855+01:00 - get Error - failed to connect 
2023-05-27 12:33:45.529904+01:00 - getstats Error - Failed to fetch source 
2023-05-27 12:33:45.531847+01:00 - getstats Error - Failed to parse source 
2023-05-27 12:34:00.537634+01:00 - news.config Error - title does not exist 
2023-05-27 12:34:00.537634+01:00 - get Error - failed to connect 
2023-05-27 12:34:00.537634+01:00 - get Error - failed to connect 
2023-05-27 12:34:00.538603+01:00 - getstatuses Error - Failed to fetch source 
2023-05-27 12:34:00.539601+01:00 - getstatuses Error - Failed to fetch source 
2023-05-27 12:34:00.540599+01:00 - get Error - failed to connect 
2023-05-27 12:34:00.540599+01:00 - getweather Error - Failed to fetch source 
2023-05-27 12:34:00.542593+01:00 - get Error - failed to connect 
2023-05-27 12:34:00.542593+01:00 - getweather Error - Failed to fetch source 
2023-05-27 12:34:00.544588+01:00 - get Error - failed to connect 
2023-05-27 12:34:00.544588+01:00 - getweather Error - Failed to fetch source 
2023-05-27 12:34:00.546582+01:00 - get Error - failed to connect 
2023-05-27 12:34:00.547580+01:00 - getweather Error - Failed to fetch source 
2023-05-27 12:34:00.547580+01:00 - get Error - failed to connect 
2023-05-27 12:34:00.549574+01:00 - getstats Error - Failed to fetch source 
2023-05-27 12:34:00.549574+01:00 - get Error - failed to connect 
2023-05-27 12:34:00.549574+01:00 - getstats Error - Failed to parse source 
2023-05-27 12:34:00.550572+01:00 - getweather Error - Failed to fetch source 
2023-05-27 12:34:15.553921+01:00 - news.config Error - title does not exist 
2023-05-27 12:34:15.553921+01:00 - get Error - failed to connect 
2023-05-27 12:34:15.553921+01:00 - get Error - failed to connect 
2023-05-27 12:34:15.554919+01:00 - getstatuses Error - Failed to fetch source 
2023-05-27 12:34:15.554919+01:00 - getstatuses Error - Failed to fetch source 
2023-05-27 12:34:15.559905+01:00 - get Error - failed to connect 
2023-05-27 12:34:15.559905+01:00 - getstats Error - Failed to fetch source 
2023-05-27 12:34:15.559905+01:00 - getstats Error - Failed to parse source 
2023-05-27 12:34:30.568013+01:00 - news.config Error - title does not exist 
2023-05-27 12:34:30.569010+01:00 - get Error - failed to connect 
2023-05-27 12:34:30.569010+01:00 - get Error - failed to connect 
2023-05-27 12:34:30.569010+01:00 - getstatuses Error - Failed to fetch source 
2023-05-27 12:34:30.570007+01:00 - getstatuses Error - Failed to fetch source 
2023-05-27 12:34:30.573000+01:00 - get Error - failed to connect 
2023-05-27 12:34:30.573996+01:00 - getstats Error - Failed to fetch source 
2023-05-27 12:34:30.573996+01:00 - getstats Error - Failed to parse source 
2023-05-27 12:34:45.578711+01:00 - news.config Error - title does not exist 
2023-05-27 12:34:45.580705+01:00 - get Error - failed to connect 
2023-05-27 12:34:45.580705+01:00 - get Error - failed to connect 
2023-05-27 12:34:45.581708+01:00 - getstatuses Error - Failed to fetch source 
2023-05-27 12:34:45.582702+01:00 - getstatuses Error - Failed to fetch source 
2023-05-27 12:34:45.586689+01:00 - get Error - failed to connect 
2023-05-27 12:34:45.586689+01:00 - getstats Error - Failed to fetch source 
2023-05-27 12:34:45.586689+01:00 - getstats Error - Failed to parse source 
2023-05-27 12:35:00.594890+01:00 - get Error - failed to connect 
2023-05-27 12:35:00.594890+01:00 - news.config Error - title does not exist 
2023-05-27 12:35:00.594890+01:00 - get Error - failed to connect 
2023-05-27 12:35:00.595888+01:00 - getstatuses Error - Failed to fetch source 
2023-05-27 12:35:00.595888+01:00 - getstatuses Error - Failed to fetch source 
2023-05-27 12:35:00.596885+01:00 - get Error - failed to connect 
2023-05-27 12:35:00.597882+01:00 - getweather Error - Failed to fetch source 
2023-05-27 12:35:00.599876+01:00 - get Error - failed to connect 
2023-05-27 12:35:00.599876+01:00 - getweather Error - Failed to fetch source 
2023-05-27 12:35:00.602869+01:00 - get Error - failed to connect 
2023-05-27 12:35:00.603514+01:00 - getweather Error - Failed to fetch source 
2023-05-27 12:35:00.604863+01:00 - get Error - failed to connect 
2023-05-27 12:35:00.605437+01:00 - getweather Error - Failed to fetch source 
2023-05-27 12:35:00.606427+01:00 - get Error - failed to connect 
2023-05-27 12:35:00.607425+01:00 - getweather Error - Failed to fetch source 
2023-05-27 12:35:00.608422+01:00 - get Error - failed to connect 
2023-05-27 12:35:00.609419+01:00 - getstats Error - Failed to fetch source 
2023-05-27 12:35:00.609419+01:00 - getstats Error - Failed to parse source 
2023-05-27 12:35:15.607081+01:00 - news.config Error - title does not exist 
2023-05-27 12:35:15.608054+01:00 - get Error - failed to connect 
2023-05-27 12:35:15.608054+01:00 - get Error - failed to connect 
2023-05-27 12:35:15.609076+01:00 - getstatuses Error - Failed to fetch source 
2023-05-27 12:35:15.609076+01:00 - getstatuses Error - Failed to fetch source 
2023-05-27 12:35:15.613040+01:00 - get Error - failed to connect 
2023-05-27 12:35:15.613040+01:00 - getstats Error - Failed to fetch source 
2023-05-27 12:35:15.613040+01:00 - getstats Error - Failed to parse source 
2023-05-27 12:35:30.619910+01:00 - news.config Error - title does not exist 
2023-05-27 12:35:30.620907+01:00 - get Error - failed to connect 
2023-05-27 12:35:30.620907+01:00 - get Error - failed to connect 
2023-05-27 12:35:30.621904+01:00 - getstatuses Error - Failed to fetch source 
2023-05-27 12:35:30.621904+01:00 - getstatuses Error - Failed to fetch source 
2023-05-27 12:35:30.625894+01:00 - get Error - failed to connect 
2023-05-27 12:35:30.625894+01:00 - getstats Error - Failed to fetch source 
2023-05-27 12:35:30.626892+01:00 - getstats Error - Failed to parse source 
2023-05-27 12:35:45.632887+01:00 - news.config Error - title does not exist 
2023-05-27 12:35:45.633883+01:00 - get Error - failed to connect 
2023-05-27 12:35:45.633883+01:00 - get Error - failed to connect 
2023-05-27 12:35:45.633883+01:00 - getstatuses Error - Failed to fetch source 
2023-05-27 12:35:45.634881+01:00 - getstatuses Error - Failed to fetch source 
2023-05-27 12:35:45.637873+01:00 - get Error - failed to connect 
2023-05-27 12:35:45.638871+01:00 - getstats Error - Failed to fetch source 
2023-05-27 12:35:45.638871+01:00 - getstats Error - Failed to parse source 
2023-05-27 12:36:00.647415+01:00 - news.config Error - title does not exist 
2023-05-27 12:36:00.647415+01:00 - get Error - failed to connect 
2023-05-27 12:36:00.648412+01:00 - getstatuses Error - Failed to fetch source 
2023-05-27 12:36:00.648412+01:00 - get Error - failed to connect 
2023-05-27 12:36:00.650407+01:00 - getstatuses Error - Failed to fetch source 
2023-05-27 12:36:00.650407+01:00 - get Error - failed to connect 
2023-05-27 12:36:00.651404+01:00 - getweather Error - Failed to fetch source 
2023-05-27 12:36:00.652403+01:00 - get Error - failed to connect 
2023-05-27 12:36:00.652403+01:00 - getweather Error - Failed to fetch source 
2023-05-27 12:36:00.654397+01:00 - get Error - failed to connect 
2023-05-27 12:36:00.655397+01:00 - get Error - failed to connect 
2023-05-27 12:36:00.655397+01:00 - getweather Error - Failed to fetch source 
2023-05-27 12:36:00.658385+01:00 - getstats Error - Failed to fetch source 
2023-05-27 12:36:00.660380+01:00 - getstats Error - Failed to parse source 
2023-05-27 12:36:00.661377+01:00 - get Error - failed to connect 
2023-05-27 12:36:00.661377+01:00 - getweather Error - Failed to fetch source 
2023-05-27 12:36:00.663373+01:00 - get Error - failed to connect 
2023-05-27 12:36:00.663373+01:00 - getweather Error - Failed to fetch source 
2023-05-27 12:36:15.664969+01:00 - get Error - failed to connect 
2023-05-27 12:36:15.664969+01:00 - get Error - failed to connect 
2023-05-27 12:36:15.664969+01:00 - news.config Error - title does not exist 
2023-05-27 12:36:15.665964+01:00 - getstatuses Error - Failed to fetch source 
2023-05-27 12:36:15.666955+01:00 - getstatuses Error - Failed to fetch source 
2023-05-27 12:36:15.673921+01:00 - get Error - failed to connect 
2023-05-27 12:36:15.674918+01:00 - getstats Error - Failed to fetch source 
2023-05-27 12:36:15.675915+01:00 - getstats Error - Failed to parse source 
2023-05-27 12:36:30.681146+01:00 - news.config Error - title does not exist 
2023-05-27 12:36:30.685137+01:00 - get Error - failed to connect 
2023-05-27 12:36:30.685137+01:00 - get Error - failed to connect 
2023-05-27 12:36:30.686104+01:00 - getstatuses Error - Failed to fetch source 
2023-05-27 12:36:30.686104+01:00 - getstatuses Error - Failed to fetch source 
2023-05-27 12:36:30.691091+01:00 - get Error - failed to connect 
2023-05-27 12:36:30.691091+01:00 - getstats Error - Failed to fetch source 
2023-05-27 12:36:30.691091+01:00 - getstats Error - Failed to parse source 
2023-05-27 12:36:45.696457+01:00 - news.config Error - title does not exist 
2023-05-27 12:36:45.697455+01:00 - get Error - failed to connect 
2023-05-27 12:36:45.697455+01:00 - get Error - failed to connect 
2023-05-27 12:36:45.698451+01:00 - getstatuses Error - Failed to fetch source 
2023-05-27 12:36:45.698451+01:00 - getstatuses Error - Failed to fetch source 
2023-05-27 12:36:45.702441+01:00 - get Error - failed to connect 
2023-05-27 12:36:45.703438+01:00 - getstats Error - Failed to fetch source 
2023-05-27 12:36:45.704444+01:00 - getstats Error - Failed to parse source 
2023-05-27 12:37:00.709791+01:00 - news.config Error - title does not exist 
2023-05-27 12:37:00.710782+01:00 - get Error - failed to connect 
2023-05-27 12:37:00.710782+01:00 - get Error - failed to connect 
2023-05-27 12:37:00.711803+01:00 - getstatuses Error - Failed to fetch source 
2023-05-27 12:37:00.712775+01:00 - getstatuses Error - Failed to fetch source 
2023-05-27 12:37:00.712775+01:00 - get Error - failed to connect 
2023-05-27 12:37:00.712775+01:00 - getweather Error - Failed to fetch source 
2023-05-27 12:37:00.714807+01:00 - get Error - failed to connect 
2023-05-27 12:37:00.714807+01:00 - getweather Error - Failed to fetch source 
2023-05-27 12:37:00.717763+01:00 - get Error - failed to connect 
2023-05-27 12:37:00.717763+01:00 - getweather Error - Failed to fetch source 
2023-05-27 12:37:00.717763+01:00 - get Error - failed to connect 
2023-05-27 12:37:00.720759+01:00 - getstats Error - Failed to fetch source 
2023-05-27 12:37:00.720759+01:00 - get Error - failed to connect 
2023-05-27 12:37:00.720759+01:00 - getstats Error - Failed to parse source 
2023-05-27 12:37:00.721751+01:00 - getweather Error - Failed to fetch source 
2023-05-27 12:37:00.722749+01:00 - get Error - failed to connect 
2023-05-27 12:37:00.722749+01:00 - getweather Error - Failed to fetch source 
2023-05-27 12:37:15.726323+01:00 - news.config Error - title does not exist 
2023-05-27 12:37:16.205635+01:00 - getstats Error - Failed to parse source 
2023-05-27 12:37:30.743430+01:00 - news.config Error - title does not exist 
2023-05-27 12:37:31.234058+01:00 - getstats Error - Failed to parse source 
2023-05-27 12:37:46.244852+01:00 - getstats Error - Failed to parse source 
2023-05-27 12:38:01.259611+01:00 - getstats Error - Failed to parse source 
2023-05-27 12:38:16.289281+01:00 - getstats Error - Failed to parse source 
2023-05-27 12:38:31.293293+01:00 - getstats Error - Failed to parse source 
2023-05-27 12:38:46.304048+01:00 - getstats Error - Failed to parse source 
2023-05-27 12:39:01.319500+01:00 - getstats Error - Failed to parse source 
2023-05-27 12:39:16.309460+01:00 - getstats Error - Failed to parse source 
2023-05-27 12:39:31.329770+01:00 - getstats Error - Failed to parse source 
2023-05-27 12:39:46.360031+01:00 - getstats Error - Failed to parse source 
2023-05-27 13:13:30.815049+01:00 - get Error - failed to connect 
2023-05-27 13:13:30.815049+01:00 - getstatuses Error - Failed to fetch source 
2023-05-27 13:13:30.818041+01:00 - getstatuses Error - Failed to fetch source 
2023-05-27 13:13:30.836991+01:00 - get Error - failed to connect 
2023-05-27 13:13:30.837988+01:00 - getstats Error - Failed to fetch source 
2023-05-27 13:13:30.840980+01:00 - getstats Error - Failed to parse source 
2023-05-27 13:13:45.827579+01:00 - get Error - failed to connect 
2023-05-27 13:13:45.827579+01:00 - get Error - failed to connect 
2023-05-27 13:13:45.827579+01:00 - getstatuses Error - Failed to fetch source 
2023-05-27 13:13:45.828592+01:00 - getstatuses Error - Failed to fetch source 
2023-05-27 13:13:45.835876+01:00 - get Error - failed to connect 
2023-05-27 13:13:45.835876+01:00 - getstats Error - Failed to fetch source 
2023-05-27 13:13:45.836874+01:00 - getstats Error - Failed to parse source 
2023-05-27 13:14:00.845352+01:00 - news.config Error - title does not exist 
2023-05-27 13:14:00.846340+01:00 - get Error - failed to connect 
2023-05-27 13:14:00.846340+01:00 - get Error - failed to connect 
2023-05-27 13:14:00.847346+01:00 - getstatuses Error - Failed to fetch source 
2023-05-27 13:14:00.848333+01:00 - getstatuses Error - Failed to fetch source 
2023-05-27 13:14:00.849332+01:00 - get Error - failed to connect 
2023-05-27 13:14:00.850354+01:00 - getweather Error - Failed to fetch source 
2023-05-27 13:14:00.852993+01:00 - get Error - failed to connect 
2023-05-27 13:14:00.852993+01:00 - getweather Error - Failed to fetch source 
2023-05-27 13:14:00.854964+01:00 - get Error - failed to connect 
2023-05-27 13:14:00.854964+01:00 - getweather Error - Failed to fetch source 
2023-05-27 13:14:00.857956+01:00 - get Error - failed to connect 
2023-05-27 13:14:00.857956+01:00 - get Error - failed to connect 
2023-05-27 13:14:00.857956+01:00 - getweather Error - Failed to fetch source 
2023-05-27 13:14:00.857956+01:00 - getstats Error - Failed to fetch source 
2023-05-27 13:14:00.858954+01:00 - getstats Error - Failed to parse source 
2023-05-27 13:14:00.859950+01:00 - get Error - failed to connect 
2023-05-27 13:14:00.859950+01:00 - getweather Error - Failed to fetch source 
2023-05-27 13:14:15.860048+01:00 - news.config Error - title does not exist 
2023-05-27 13:14:15.861057+01:00 - get Error - failed to connect 
2023-05-27 13:14:15.861057+01:00 - get Error - failed to connect 
2023-05-27 13:14:15.862047+01:00 - getstatuses Error - Failed to fetch source 
2023-05-27 13:14:15.862047+01:00 - getstatuses Error - Failed to fetch source 
2023-05-27 13:14:15.865039+01:00 - get Error - failed to connect 
2023-05-27 13:14:15.865039+01:00 - getstats Error - Failed to fetch source 
2023-05-27 13:14:15.865039+01:00 - getstats Error - Failed to parse source 
2023-05-27 13:14:30.874446+01:00 - news.config Error - title does not exist 
2023-05-27 13:14:30.875444+01:00 - get Error - failed to connect 
2023-05-27 13:14:30.875444+01:00 - get Error - failed to connect 
2023-05-27 13:14:30.875444+01:00 - getstatuses Error - Failed to fetch source 
2023-05-27 13:14:30.875444+01:00 - getstatuses Error - Failed to fetch source 
2023-05-27 13:14:30.879433+01:00 - get Error - failed to connect 
2023-05-27 13:14:30.880430+01:00 - getstats Error - Failed to fetch source 
2023-05-27 13:14:30.880430+01:00 - getstats Error - Failed to parse source 
2023-05-27 13:14:45.888014+01:00 - news.config Error - title does not exist 
2023-05-27 13:14:45.888014+01:00 - get Error - failed to connect 
2023-05-27 13:14:45.888014+01:00 - get Error - failed to connect 
2023-05-27 13:14:45.890981+01:00 - getstatuses Error - Failed to fetch source 
2023-05-27 13:14:45.891978+01:00 - getstatuses Error - Failed to fetch source 
2023-05-27 13:14:45.894971+01:00 - get Error - failed to connect 
2023-05-27 13:14:45.895978+01:00 - getstats Error - Failed to fetch source 
2023-05-27 13:14:45.895978+01:00 - getstats Error - Failed to parse source 
2023-05-27 13:15:00.903079+01:00 - get Error - failed to connect 
2023-05-27 13:15:00.903079+01:00 - news.config Error - title does not exist 
2023-05-27 13:15:00.904077+01:00 - get Error - failed to connect 
2023-05-27 13:15:00.904077+01:00 - getstatuses Error - Failed to fetch source 
2023-05-27 13:15:00.906075+01:00 - getstatuses Error - Failed to fetch source 
2023-05-27 13:15:00.908066+01:00 - get Error - failed to connect 
2023-05-27 13:15:00.908066+01:00 - getweather Error - Failed to fetch source 
2023-05-27 13:15:00.910061+01:00 - get Error - failed to connect 
2023-05-27 13:15:00.911062+01:00 - getweather Error - Failed to fetch source 
2023-05-27 13:15:00.913053+01:00 - get Error - failed to connect 
2023-05-27 13:15:00.913053+01:00 - getweather Error - Failed to fetch source 
2023-05-27 13:15:00.914051+01:00 - get Error - failed to connect 
2023-05-27 13:15:00.915048+01:00 - getweather Error - Failed to fetch source 
2023-05-27 13:15:00.916045+01:00 - get Error - failed to connect 
2023-05-27 13:15:00.917043+01:00 - getstats Error - Failed to fetch source 
2023-05-27 13:15:00.917043+01:00 - get Error - failed to connect 
2023-05-27 13:15:00.918040+01:00 - getstats Error - Failed to parse source 
2023-05-27 13:15:00.918040+01:00 - getweather Error - Failed to fetch source 
2023-05-27 13:15:15.920219+01:00 - news.config Error - title does not exist 
2023-05-27 13:15:15.921217+01:00 - get Error - failed to connect 
2023-05-27 13:15:15.921217+01:00 - get Error - failed to connect 
2023-05-27 13:15:15.922214+01:00 - getstatuses Error - Failed to fetch source 
2023-05-27 13:15:15.922214+01:00 - getstatuses Error - Failed to fetch source 
2023-05-27 13:15:15.926203+01:00 - get Error - failed to connect 
2023-05-27 13:15:15.926203+01:00 - getstats Error - Failed to fetch source 
2023-05-27 13:15:15.927201+01:00 - getstats Error - Failed to parse source 
2023-05-27 13:15:30.932807+01:00 - news.config Error - title does not exist 
2023-05-27 13:15:30.934813+01:00 - get Error - failed to connect 
2023-05-27 13:15:30.934813+01:00 - get Error - failed to connect 
2023-05-27 13:15:30.934813+01:00 - getstatuses Error - Failed to fetch source 
2023-05-27 13:15:30.934813+01:00 - getstatuses Error - Failed to fetch source 
2023-05-27 13:15:30.938791+01:00 - get Error - failed to connect 
2023-05-27 13:15:30.938791+01:00 - getstats Error - Failed to fetch source 
2023-05-27 13:15:30.939788+01:00 - getstats Error - Failed to parse source 
2023-05-27 13:15:45.946225+01:00 - news.config Error - title does not exist 
2023-05-27 13:15:45.947262+01:00 - get Error - failed to connect 
2023-05-27 13:15:45.947262+01:00 - get Error - failed to connect 
2023-05-27 13:15:45.949217+01:00 - getstatuses Error - Failed to fetch source 
2023-05-27 13:15:45.949217+01:00 - getstatuses Error - Failed to fetch source 
2023-05-27 13:15:45.952209+01:00 - get Error - failed to connect 
2023-05-27 13:15:45.952209+01:00 - getstats Error - Failed to fetch source 
2023-05-27 13:15:45.953219+01:00 - getstats Error - Failed to parse source 
2023-05-27 13:16:00.959986+01:00 - news.config Error - title does not exist 
2023-05-27 13:16:00.959986+01:00 - get Error - failed to connect 
2023-05-27 13:16:00.960982+01:00 - getstatuses Error - Failed to fetch source 
2023-05-27 13:16:00.960982+01:00 - get Error - failed to connect 
2023-05-27 13:16:00.961980+01:00 - getstatuses Error - Failed to fetch source 
2023-05-27 13:16:00.963974+01:00 - get Error - failed to connect 
2023-05-27 13:16:00.963974+01:00 - getweather Error - Failed to fetch source 
2023-05-27 13:16:00.964972+01:00 - get Error - failed to connect 
2023-05-27 13:16:00.965969+01:00 - getweather Error - Failed to fetch source 
2023-05-27 13:16:00.966966+01:00 - get Error - failed to connect 
2023-05-27 13:16:00.967972+01:00 - get Error - failed to connect 
2023-05-27 13:16:00.967972+01:00 - getweather Error - Failed to fetch source 
2023-05-27 13:16:00.968961+01:00 - getstats Error - Failed to fetch source 
2023-05-27 13:16:00.971953+01:00 - getstats Error - Failed to parse source 
2023-05-27 13:16:00.971953+01:00 - get Error - failed to connect 
2023-05-27 13:16:00.972950+01:00 - getweather Error - Failed to fetch source 
2023-05-27 13:16:00.973948+01:00 - get Error - failed to connect 
2023-05-27 13:16:00.973948+01:00 - getweather Error - Failed to fetch source 
2023-05-27 13:16:15.975031+01:00 - get Error - failed to connect 
2023-05-27 13:16:15.975031+01:00 - news.config Error - title does not exist 
2023-05-27 13:16:15.976027+01:00 - getstatuses Error - Failed to fetch source 
2023-05-27 13:16:15.976027+01:00 - get Error - failed to connect 
2023-05-27 13:16:15.977035+01:00 - getstatuses Error - Failed to fetch source 
2023-05-27 13:16:15.983114+01:00 - get Error - failed to connect 
2023-05-27 13:16:15.984121+01:00 - getstats Error - Failed to fetch source 
2023-05-27 13:16:15.985119+01:00 - getstats Error - Failed to parse source 
2023-05-27 13:16:30.987815+01:00 - news.config Error - title does not exist 
2023-05-27 13:16:30.988813+01:00 - get Error - failed to connect 
2023-05-27 13:16:30.988813+01:00 - get Error - failed to connect 
2023-05-27 13:16:30.989809+01:00 - getstatuses Error - Failed to fetch source 
2023-05-27 13:16:30.989809+01:00 - getstatuses Error - Failed to fetch source 
2023-05-27 13:16:30.993799+01:00 - get Error - failed to connect 
2023-05-27 13:16:30.994106+01:00 - getstats Error - Failed to fetch source 
2023-05-27 13:16:30.994106+01:00 - getstats Error - Failed to parse source 
2023-05-27 13:16:45.999564+01:00 - news.config Error - title does not exist 
2023-05-27 13:16:46.000561+01:00 - get Error - failed to connect 
2023-05-27 13:16:46.000561+01:00 - get Error - failed to connect 
2023-05-27 13:16:46.001559+01:00 - getstatuses Error - Failed to fetch source 
2023-05-27 13:16:46.001559+01:00 - getstatuses Error - Failed to fetch source 
2023-05-27 13:16:46.005579+01:00 - get Error - failed to connect 
2023-05-27 13:16:46.006574+01:00 - getstats Error - Failed to fetch source 
2023-05-27 13:16:46.006574+01:00 - getstats Error - Failed to parse source 
2023-05-27 13:17:00.012885+01:00 - news.config Error - title does not exist 
2023-05-27 13:17:00.012885+01:00 - get Error - failed to connect 
2023-05-27 13:17:00.012885+01:00 - get Error - failed to connect 
2023-05-27 13:17:00.013858+01:00 - getstatuses Error - Failed to fetch source 
2023-05-27 13:17:00.014855+01:00 - getstatuses Error - Failed to fetch source 
2023-05-27 13:17:00.014855+01:00 - get Error - failed to connect 
2023-05-27 13:17:00.016863+01:00 - getweather Error - Failed to fetch source 
2023-05-27 13:17:00.018845+01:00 - get Error - failed to connect 
2023-05-27 13:17:00.019842+01:00 - getweather Error - Failed to fetch source 
2023-05-27 13:17:00.021542+01:00 - get Error - failed to connect 
2023-05-27 13:17:00.021542+01:00 - getstats Error - Failed to fetch source 
2023-05-27 13:17:00.021542+01:00 - get Error - failed to connect 
2023-05-27 13:17:00.021542+01:00 - getstats Error - Failed to parse source 
2023-05-27 13:17:00.022533+01:00 - getweather Error - Failed to fetch source 
2023-05-27 13:17:00.024527+01:00 - get Error - failed to connect 
2023-05-27 13:17:00.024527+01:00 - getweather Error - Failed to fetch source 
2023-05-27 13:17:00.025524+01:00 - get Error - failed to connect 
2023-05-27 13:17:00.026521+01:00 - getweather Error - Failed to fetch source 
2023-05-27 13:17:15.026912+01:00 - news.config Error - title does not exist 
2023-05-27 13:17:15.027910+01:00 - get Error - failed to connect 
2023-05-27 13:17:15.028906+01:00 - get Error - failed to connect 
2023-05-27 13:17:15.028906+01:00 - getstatuses Error - Failed to fetch source 
2023-05-27 13:17:15.029903+01:00 - getstatuses Error - Failed to fetch source 
2023-05-27 13:17:15.034890+01:00 - get Error - failed to connect 
2023-05-27 13:17:15.034890+01:00 - getstats Error - Failed to fetch source 
2023-05-27 13:17:15.035889+01:00 - getstats Error - Failed to parse source 
2023-05-27 13:17:30.041404+01:00 - news.config Error - title does not exist 
2023-05-27 13:17:30.042401+01:00 - get Error - failed to connect 
2023-05-27 13:17:30.042401+01:00 - get Error - failed to connect 
2023-05-27 13:17:30.043413+01:00 - getstatuses Error - Failed to fetch source 
2023-05-27 13:17:30.043413+01:00 - getstatuses Error - Failed to fetch source 
2023-05-27 13:17:30.047389+01:00 - get Error - failed to connect 
2023-05-27 13:17:30.048392+01:00 - getstats Error - Failed to fetch source 
2023-05-27 13:17:30.048392+01:00 - getstats Error - Failed to parse source 
2023-05-27 13:17:45.054499+01:00 - news.config Error - title does not exist 
2023-05-27 13:17:45.055501+01:00 - get Error - failed to connect 
2023-05-27 13:17:45.055501+01:00 - get Error - failed to connect 
2023-05-27 13:17:45.056492+01:00 - getstatuses Error - Failed to fetch source 
2023-05-27 13:17:45.057460+01:00 - getstatuses Error - Failed to fetch source 
2023-05-27 13:17:45.060457+01:00 - get Error - failed to connect 
2023-05-27 13:17:45.060457+01:00 - getstats Error - Failed to fetch source 
2023-05-27 13:17:45.060457+01:00 - getstats Error - Failed to parse source 
2023-05-27 13:18:00.068821+01:00 - news.config Error - title does not exist 
2023-05-27 13:18:00.069818+01:00 - get Error - failed to connect 
2023-05-27 13:18:00.069818+01:00 - get Error - failed to connect 
2023-05-27 13:18:00.070791+01:00 - getstatuses Error - Failed to fetch source 
2023-05-27 13:18:00.071831+01:00 - getstatuses Error - Failed to fetch source 
2023-05-27 13:18:00.071831+01:00 - get Error - failed to connect 
2023-05-27 13:18:00.072819+01:00 - getweather Error - Failed to fetch source 
2023-05-27 13:18:00.073817+01:00 - get Error - failed to connect 
2023-05-27 13:18:00.074820+01:00 - getweather Error - Failed to fetch source 
2023-05-27 13:18:00.076812+01:00 - get Error - failed to connect 
2023-05-27 13:18:00.076812+01:00 - getweather Error - Failed to fetch source 
2023-05-27 13:18:00.079801+01:00 - get Error - failed to connect 
2023-05-27 13:18:00.079801+01:00 - getweather Error - Failed to fetch source 
2023-05-27 13:18:00.080798+01:00 - get Error - failed to connect 
2023-05-27 13:18:00.081351+01:00 - getstats Error - Failed to fetch source 
2023-05-27 13:18:00.081351+01:00 - getstats Error - Failed to parse source 
2023-05-27 13:18:00.082341+01:00 - get Error - failed to connect 
2023-05-27 13:18:00.082341+01:00 - getweather Error - Failed to fetch source 
2023-05-27 13:18:15.083179+01:00 - news.config Error - title does not exist 
2023-05-27 13:18:15.084176+01:00 - get Error - failed to connect 
2023-05-27 13:18:15.084176+01:00 - get Error - failed to connect 
2023-05-27 13:18:15.085174+01:00 - getstatuses Error - Failed to fetch source 
2023-05-27 13:18:15.085174+01:00 - getstatuses Error - Failed to fetch source 
2023-05-27 13:18:15.088166+01:00 - get Error - failed to connect 
2023-05-27 13:18:15.088166+01:00 - getstats Error - Failed to fetch source 
2023-05-27 13:18:15.089163+01:00 - getstats Error - Failed to parse source 
2023-05-27 13:18:30.093699+01:00 - news.config Error - title does not exist 
2023-05-27 13:18:30.592649+01:00 - getstats Error - Failed to parse source 
2023-05-27 13:18:45.108867+01:00 - news.config Error - title does not exist 
2023-05-27 13:18:45.595288+01:00 - getstats Error - Failed to parse source 
2023-05-27 13:19:00.599524+01:00 - getstats Error - Failed to parse source 
2023-05-29 17:08:00.441611+01:00 - get Error - failed to connect 
2023-05-29 17:08:00.442544+01:00 - getweather Error - Failed to fetch source 
2023-05-30 10:28:01.055597+01:00 - get Error - failed to connect 
2023-05-30 10:28:01.056543+01:00 - getweather Error - Failed to fetch source 
2023-05-30 10:47:46.437537+01:00 - getstats Error - Failed to parse source 
2023-06-01 06:33:00.328086+01:00 - get Error - failed to connect 
2023-06-01 06:33:00.329084+01:00 - getweather Error - Failed to fetch source 
2023-06-03 12:52:02.798551+01:00 - get Error - failed to connect 
2023-06-03 12:52:02.799548+01:00 - getstatuses Error - Failed to fetch source 
2023-06-03 12:52:02.800545+01:00 - getstatuses Error - Failed to fetch source 
2023-06-05 03:00:45.851924+01:00 - get Error - failed to connect 
2023-06-05 03:00:45.852880+01:00 - getstatuses Error - Failed to fetch source 
2023-06-05 03:00:45.852880+01:00 - getstatuses Error - Failed to fetch source 
2023-06-05 03:00:45.856869+01:00 - get Error - failed to connect 
2023-06-05 03:00:45.857866+01:00 - getstats Error - Failed to fetch source 
2023-06-05 03:00:45.857866+01:00 - getstats Error - Failed to parse source 
2023-06-05 03:01:00.863488+01:00 - get Error - failed to connect 
2023-06-05 03:01:00.863488+01:00 - news.config Error - title does not exist 
2023-06-05 03:01:00.863488+01:00 - get Error - failed to connect 
2023-06-05 03:01:00.863488+01:00 - getstatuses Error - Failed to fetch source 
2023-06-05 03:01:00.865483+01:00 - getstatuses Error - Failed to fetch source 
2023-06-05 03:01:00.866480+01:00 - get Error - failed to connect 
2023-06-05 03:01:00.866480+01:00 - getweather Error - Failed to fetch source 
2023-06-05 03:01:00.867477+01:00 - get Error - failed to connect 
2023-06-05 03:01:00.868474+01:00 - getweather Error - Failed to fetch source 
2023-06-05 03:01:00.869472+01:00 - get Error - failed to connect 
2023-06-05 03:01:00.869472+01:00 - getweather Error - Failed to fetch source 
2023-06-05 03:01:00.871467+01:00 - get Error - failed to connect 
2023-06-05 03:01:00.872464+01:00 - getstats Error - Failed to fetch source 
2023-06-05 03:01:00.872464+01:00 - get Error - failed to connect 
2023-06-05 03:01:00.874459+01:00 - getstats Error - Failed to parse source 
2023-06-05 03:01:00.874459+01:00 - getweather Error - Failed to fetch source 
2023-06-05 03:01:00.877451+01:00 - get Error - failed to connect 
2023-06-05 03:01:00.877451+01:00 - getweather Error - Failed to fetch source 
2023-06-05 03:01:15.876850+01:00 - news.config Error - title does not exist 
2023-06-05 03:01:15.876850+01:00 - get Error - failed to connect 
2023-06-05 03:01:15.876850+01:00 - get Error - failed to connect 
2023-06-05 03:01:15.878845+01:00 - getstatuses Error - Failed to fetch source 
2023-06-05 03:01:15.878845+01:00 - getstatuses Error - Failed to fetch source 
2023-06-05 03:01:15.882834+01:00 - get Error - failed to connect 
2023-06-05 03:01:15.883832+01:00 - getstats Error - Failed to fetch source 
2023-06-05 03:01:15.883832+01:00 - getstats Error - Failed to parse source 
2023-06-05 03:01:30.889895+01:00 - news.config Error - title does not exist 
2023-06-05 03:01:30.890895+01:00 - get Error - failed to connect 
2023-06-05 03:01:30.890895+01:00 - get Error - failed to connect 
2023-06-05 03:01:30.891890+01:00 - getstatuses Error - Failed to fetch source 
2023-06-05 03:01:30.891890+01:00 - getstatuses Error - Failed to fetch source 
2023-06-05 03:01:30.896909+01:00 - get Error - failed to connect 
2023-06-05 03:01:30.896909+01:00 - getstats Error - Failed to fetch source 
2023-06-05 03:01:30.897873+01:00 - getstats Error - Failed to parse source 
2023-06-05 03:01:45.901900+01:00 - news.config Error - title does not exist 
2023-06-05 03:01:45.902897+01:00 - get Error - failed to connect 
2023-06-05 03:01:45.902897+01:00 - get Error - failed to connect 
2023-06-05 03:01:45.903894+01:00 - getstatuses Error - Failed to fetch source 
2023-06-05 03:01:45.903894+01:00 - getstatuses Error - Failed to fetch source 
2023-06-05 03:01:45.908881+01:00 - get Error - failed to connect 
2023-06-05 03:01:45.909881+01:00 - getstats Error - Failed to fetch source 
2023-06-05 03:01:45.909881+01:00 - getstats Error - Failed to parse source 
2023-06-05 03:02:00.914853+01:00 - news.config Error - title does not exist 
2023-06-05 03:02:00.915863+01:00 - get Error - failed to connect 
2023-06-05 03:02:00.915863+01:00 - get Error - failed to connect 
2023-06-05 03:02:00.916825+01:00 - getstatuses Error - Failed to fetch source 
2023-06-05 03:02:00.916825+01:00 - getstatuses Error - Failed to fetch source 
2023-06-05 03:02:00.917821+01:00 - get Error - failed to connect 
2023-06-05 03:02:00.917821+01:00 - getweather Error - Failed to fetch source 
2023-06-05 03:02:00.918820+01:00 - get Error - failed to connect 
2023-06-05 03:02:00.919817+01:00 - getweather Error - Failed to fetch source 
2023-06-05 03:02:00.920814+01:00 - get Error - failed to connect 
2023-06-05 03:02:00.921812+01:00 - getweather Error - Failed to fetch source 
2023-06-05 03:02:00.923806+01:00 - get Error - failed to connect 
2023-06-05 03:02:00.924804+01:00 - get Error - failed to connect 
2023-06-05 03:02:00.924804+01:00 - getweather Error - Failed to fetch source 
2023-06-05 03:02:00.924804+01:00 - getstats Error - Failed to fetch source 
2023-06-05 03:02:00.925800+01:00 - getstats Error - Failed to parse source 
2023-06-05 03:02:00.926798+01:00 - get Error - failed to connect 
2023-06-05 03:02:00.926798+01:00 - getweather Error - Failed to fetch source 
2023-06-05 03:02:15.928814+01:00 - get Error - failed to connect 
2023-06-05 03:02:15.928814+01:00 - news.config Error - title does not exist 
2023-06-05 03:02:15.929787+01:00 - getstatuses Error - Failed to fetch source 
2023-06-05 03:02:15.929787+01:00 - getstatuses Error - Failed to fetch source 
2023-06-05 03:02:15.933799+01:00 - get Error - failed to connect 
2023-06-05 03:02:15.934795+01:00 - getstats Error - Failed to fetch source 
2023-06-05 03:02:15.934795+01:00 - getstats Error - Failed to parse source 
2023-06-05 03:02:30.943815+01:00 - news.config Error - title does not exist 
2023-06-05 03:02:30.944781+01:00 - get Error - failed to connect 
2023-06-05 03:02:30.944781+01:00 - get Error - failed to connect 
2023-06-05 03:02:30.944781+01:00 - getstatuses Error - Failed to fetch source 
2023-06-05 03:02:30.945778+01:00 - getstatuses Error - Failed to fetch source 
2023-06-05 03:02:30.950792+01:00 - get Error - failed to connect 
2023-06-05 03:02:30.950792+01:00 - getstats Error - Failed to fetch source 
2023-06-05 03:02:30.951762+01:00 - getstats Error - Failed to parse source 
2023-06-05 03:02:45.955728+01:00 - news.config Error - title does not exist 
2023-06-05 03:02:45.955728+01:00 - get Error - failed to connect 
2023-06-05 03:02:45.955728+01:00 - get Error - failed to connect 
2023-06-05 03:02:45.957736+01:00 - getstatuses Error - Failed to fetch source 
2023-06-05 03:02:45.957736+01:00 - getstatuses Error - Failed to fetch source 
2023-06-05 03:02:45.961719+01:00 - get Error - failed to connect 
2023-06-05 03:02:45.961719+01:00 - getstats Error - Failed to fetch source 
2023-06-05 03:02:45.961719+01:00 - getstats Error - Failed to parse source 
2023-06-05 03:03:00.966831+01:00 - news.config Error - title does not exist 
2023-06-05 03:03:00.967828+01:00 - get Error - failed to connect 
2023-06-05 03:03:00.967828+01:00 - get Error - failed to connect 
2023-06-05 03:03:00.969798+01:00 - getstatuses Error - Failed to fetch source 
2023-06-05 03:03:00.969798+01:00 - getstatuses Error - Failed to fetch source 
2023-06-05 03:03:00.970797+01:00 - get Error - failed to connect 
2023-06-05 03:03:00.971793+01:00 - getweather Error - Failed to fetch source 
2023-06-05 03:03:00.972791+01:00 - get Error - failed to connect 
2023-06-05 03:03:00.973793+01:00 - getweather Error - Failed to fetch source 
2023-06-05 03:03:00.976781+01:00 - get Error - failed to connect 
2023-06-05 03:03:00.977778+01:00 - getweather Error - Failed to fetch source 
2023-06-05 03:03:00.979772+01:00 - get Error - failed to connect 
2023-06-05 03:03:00.979772+01:00 - getstats Error - Failed to fetch source 
2023-06-05 03:03:00.979772+01:00 - get Error - failed to connect 
2023-06-05 03:03:00.979772+01:00 - getstats Error - Failed to parse source 
2023-06-05 03:03:00.979772+01:00 - getweather Error - Failed to fetch source 
2023-06-05 03:03:00.981767+01:00 - get Error - failed to connect 
2023-06-05 03:03:00.981767+01:00 - getweather Error - Failed to fetch source 
2023-06-05 03:03:15.982774+01:00 - news.config Error - title does not exist 
2023-06-05 03:03:15.983771+01:00 - get Error - failed to connect 
2023-06-05 03:03:15.983771+01:00 - get Error - failed to connect 
2023-06-05 03:03:15.985765+01:00 - getstatuses Error - Failed to fetch source 
2023-06-05 03:03:15.985765+01:00 - getstatuses Error - Failed to fetch source 
2023-06-05 03:03:15.988758+01:00 - get Error - failed to connect 
2023-06-05 03:03:15.988758+01:00 - getstats Error - Failed to fetch source 
2023-06-05 03:03:15.989754+01:00 - getstats Error - Failed to parse source 
2023-06-05 03:03:30.999783+01:00 - news.config Error - title does not exist 
2023-06-05 03:03:30.999783+01:00 - get Error - failed to connect 
2023-06-05 03:03:31.000763+01:00 - getstatuses Error - Failed to fetch source 
2023-06-05 03:03:31.001761+01:00 - getstatuses Error - Failed to fetch source 
2023-06-05 03:03:31.005775+01:00 - get Error - failed to connect 
2023-06-05 03:03:31.006748+01:00 - getstats Error - Failed to fetch source 
2023-06-05 03:03:31.007743+01:00 - getstats Error - Failed to parse source 
2023-06-05 03:03:45.012104+01:00 - news.config Error - title does not exist 
2023-06-05 03:03:45.013101+01:00 - get Error - failed to connect 
2023-06-05 03:03:45.013101+01:00 - get Error - failed to connect 
2023-06-05 03:03:45.014111+01:00 - getstatuses Error - Failed to fetch source 
2023-06-05 03:03:45.014111+01:00 - getstatuses Error - Failed to fetch source 
2023-06-05 03:03:45.018089+01:00 - get Error - failed to connect 
2023-06-05 03:03:45.019092+01:00 - getstats Error - Failed to fetch source 
2023-06-05 03:03:45.020089+01:00 - getstats Error - Failed to parse source 
2023-06-05 03:04:00.025382+01:00 - news.config Error - title does not exist 
2023-06-05 03:04:00.026393+01:00 - get Error - failed to connect 
2023-06-05 03:04:00.026393+01:00 - get Error - failed to connect 
2023-06-05 03:04:00.027351+01:00 - getstatuses Error - Failed to fetch source 
2023-06-05 03:04:00.028348+01:00 - getstatuses Error - Failed to fetch source 
2023-06-05 03:04:00.028348+01:00 - get Error - failed to connect 
2023-06-05 03:04:00.029345+01:00 - getweather Error - Failed to fetch source 
2023-06-05 03:04:00.030342+01:00 - get Error - failed to connect 
2023-06-05 03:04:00.030895+01:00 - getweather Error - Failed to fetch source 
2023-06-05 03:04:00.032866+01:00 - get Error - failed to connect 
2023-06-05 03:04:00.032866+01:00 - getweather Error - Failed to fetch source 
2023-06-05 03:04:00.034860+01:00 - get Error - failed to connect 
2023-06-05 03:04:00.035858+01:00 - getweather Error - Failed to fetch source 
2023-06-05 03:04:00.035858+01:00 - get Error - failed to connect 
2023-06-05 03:04:00.036855+01:00 - getstats Error - Failed to fetch source 
2023-06-05 03:04:00.036855+01:00 - get Error - failed to connect 
2023-06-05 03:04:00.036855+01:00 - getstats Error - Failed to parse source 
2023-06-05 03:04:00.037852+01:00 - getweather Error - Failed to fetch source 
2023-06-05 03:04:15.043014+01:00 - news.config Error - title does not exist 
2023-06-05 03:04:15.043988+01:00 - get Error - failed to connect 
2023-06-05 03:04:15.043988+01:00 - get Error - failed to connect 
2023-06-05 03:04:15.044977+01:00 - getstatuses Error - Failed to fetch source 
2023-06-05 03:04:15.044977+01:00 - getstatuses Error - Failed to fetch source 
2023-06-05 03:04:15.048966+01:00 - get Error - failed to connect 
2023-06-05 03:04:15.049963+01:00 - getstats Error - Failed to fetch source 
2023-06-05 03:04:15.049963+01:00 - getstats Error - Failed to parse source 
2023-06-05 03:04:30.056994+01:00 - news.config Error - title does not exist 
2023-06-05 03:04:30.057992+01:00 - get Error - failed to connect 
2023-06-05 03:04:30.057992+01:00 - get Error - failed to connect 
2023-06-05 03:04:30.057992+01:00 - getstatuses Error - Failed to fetch source 
2023-06-05 03:04:30.059026+01:00 - getstatuses Error - Failed to fetch source 
2023-06-05 03:04:30.063010+01:00 - get Error - failed to connect 
2023-06-05 03:04:30.064005+01:00 - getstats Error - Failed to fetch source 
2023-06-05 03:04:30.064005+01:00 - getstats Error - Failed to parse source 
2023-06-05 03:04:45.070054+01:00 - news.config Error - title does not exist 
2023-06-05 03:04:45.070054+01:00 - get Error - failed to connect 
2023-06-05 03:04:45.070054+01:00 - get Error - failed to connect 
2023-06-05 03:04:45.071052+01:00 - getstatuses Error - Failed to fetch source 
2023-06-05 03:04:45.071052+01:00 - getstatuses Error - Failed to fetch source 
2023-06-05 03:04:45.075040+01:00 - get Error - failed to connect 
2023-06-05 03:04:45.075040+01:00 - getstats Error - Failed to fetch source 
2023-06-05 03:04:45.076038+01:00 - getstats Error - Failed to parse source 
2023-06-05 03:05:00.083085+01:00 - news.config Error - title does not exist 
2023-06-05 03:05:00.084099+01:00 - get Error - failed to connect 
2023-06-05 03:05:00.084099+01:00 - get Error - failed to connect 
2023-06-05 03:05:00.086089+01:00 - getstatuses Error - Failed to fetch source 
2023-06-05 03:05:00.087075+01:00 - getstatuses Error - Failed to fetch source 
2023-06-05 03:05:00.087075+01:00 - get Error - failed to connect 
2023-06-05 03:05:00.088073+01:00 - getweather Error - Failed to fetch source 
2023-06-05 03:05:00.090082+01:00 - get Error - failed to connect 
2023-06-05 03:05:00.090082+01:00 - getweather Error - Failed to fetch source 
2023-06-05 03:05:00.092094+01:00 - get Error - failed to connect 
2023-06-05 03:05:00.092094+01:00 - getweather Error - Failed to fetch source 
2023-06-05 03:05:00.094088+01:00 - get Error - failed to connect 
2023-06-05 03:05:00.095085+01:00 - getstats Error - Failed to fetch source 
2023-06-05 03:05:00.095085+01:00 - get Error - failed to connect 
2023-06-05 03:05:00.095085+01:00 - getstats Error - Failed to parse source 
2023-06-05 03:05:00.095085+01:00 - getweather Error - Failed to fetch source 
2023-06-05 03:05:00.097081+01:00 - get Error - failed to connect 
2023-06-05 03:05:00.097081+01:00 - getweather Error - Failed to fetch source 
2023-06-05 03:05:15.100277+01:00 - news.config Error - title does not exist 
2023-06-05 03:05:15.100277+01:00 - get Error - failed to connect 
2023-06-05 03:05:15.101218+01:00 - get Error - failed to connect 
2023-06-05 03:05:15.101218+01:00 - getstatuses Error - Failed to fetch source 
2023-06-05 03:05:15.101218+01:00 - getstatuses Error - Failed to fetch source 
2023-06-05 03:05:15.105208+01:00 - get Error - failed to connect 
2023-06-05 03:05:15.106219+01:00 - getstats Error - Failed to fetch source 
2023-06-05 03:05:15.106219+01:00 - getstats Error - Failed to parse source 
2023-06-05 03:05:30.112355+01:00 - news.config Error - title does not exist 
2023-06-05 03:05:30.112355+01:00 - get Error - failed to connect 
2023-06-05 03:05:30.113325+01:00 - get Error - failed to connect 
2023-06-05 03:05:30.113325+01:00 - getstatuses Error - Failed to fetch source 
2023-06-05 03:05:30.113325+01:00 - getstatuses Error - Failed to fetch source 
2023-06-05 03:05:30.116343+01:00 - get Error - failed to connect 
2023-06-05 03:05:30.117332+01:00 - getstats Error - Failed to fetch source 
2023-06-05 03:05:30.117332+01:00 - getstats Error - Failed to parse source 
2023-06-05 03:05:45.124590+01:00 - news.config Error - title does not exist 
2023-06-05 03:05:45.124590+01:00 - get Error - failed to connect 
2023-06-05 03:05:45.124590+01:00 - get Error - failed to connect 
2023-06-05 03:05:45.125587+01:00 - getstatuses Error - Failed to fetch source 
2023-06-05 03:05:45.125587+01:00 - getstatuses Error - Failed to fetch source 
2023-06-05 03:05:45.130574+01:00 - get Error - failed to connect 
2023-06-05 03:05:45.130574+01:00 - getstats Error - Failed to fetch source 
2023-06-05 03:05:45.130574+01:00 - getstats Error - Failed to parse source 
2023-06-05 03:06:00.136978+01:00 - get Error - failed to connect 
2023-06-05 03:06:00.136978+01:00 - news.config Error - title does not exist 
2023-06-05 03:06:00.136978+01:00 - get Error - failed to connect 
2023-06-05 03:06:00.138972+01:00 - getstatuses Error - Failed to fetch source 
2023-06-05 03:06:00.138972+01:00 - getstatuses Error - Failed to fetch source 
2023-06-05 03:06:00.138972+01:00 - get Error - failed to connect 
2023-06-05 03:06:00.139974+01:00 - getweather Error - Failed to fetch source 
2023-06-05 03:06:00.142978+01:00 - get Error - failed to connect 
2023-06-05 03:06:00.143965+01:00 - getweather Error - Failed to fetch source 
2023-06-05 03:06:00.145954+01:00 - get Error - failed to connect 
2023-06-05 03:06:00.145954+01:00 - getweather Error - Failed to fetch source 
2023-06-05 03:06:00.146951+01:00 - get Error - failed to connect 
2023-06-05 03:06:00.148945+01:00 - getstats Error - Failed to fetch source 
2023-06-05 03:06:00.148945+01:00 - get Error - failed to connect 
2023-06-05 03:06:00.148945+01:00 - getstats Error - Failed to parse source 
2023-06-05 03:06:00.149942+01:00 - getweather Error - Failed to fetch source 
2023-06-05 03:06:00.150940+01:00 - get Error - failed to connect 
2023-06-05 03:06:00.150940+01:00 - getweather Error - Failed to fetch source 
2023-06-05 03:06:15.150437+01:00 - news.config Error - title does not exist 
2023-06-05 03:06:15.151408+01:00 - get Error - failed to connect 
2023-06-05 03:06:15.152405+01:00 - get Error - failed to connect 
2023-06-05 03:06:15.153403+01:00 - getstatuses Error - Failed to fetch source 
2023-06-05 03:06:15.153403+01:00 - getstatuses Error - Failed to fetch source 
2023-06-05 03:06:15.157399+01:00 - get Error - failed to connect 
2023-06-05 03:06:15.157399+01:00 - getstats Error - Failed to fetch source 
2023-06-05 03:06:15.159387+01:00 - getstats Error - Failed to parse source 
2023-06-05 03:06:30.162853+01:00 - news.config Error - title does not exist 
2023-06-05 03:06:30.163851+01:00 - get Error - failed to connect 
2023-06-05 03:06:30.163851+01:00 - get Error - failed to connect 
2023-06-05 03:06:30.164860+01:00 - getstatuses Error - Failed to fetch source 
2023-06-05 03:06:30.164860+01:00 - getstatuses Error - Failed to fetch source 
2023-06-05 03:06:30.168837+01:00 - get Error - failed to connect 
2023-06-05 03:06:30.168837+01:00 - getstats Error - Failed to fetch source 
2023-06-05 03:06:30.168837+01:00 - getstats Error - Failed to parse source 
2023-06-05 03:06:45.175304+01:00 - news.config Error - title does not exist 
2023-06-05 03:06:45.175304+01:00 - get Error - failed to connect 
2023-06-05 03:06:45.175304+01:00 - get Error - failed to connect 
2023-06-05 03:06:45.176317+01:00 - getstatuses Error - Failed to fetch source 
2023-06-05 03:06:45.176317+01:00 - getstatuses Error - Failed to fetch source 
2023-06-05 03:06:45.180290+01:00 - get Error - failed to connect 
2023-06-05 03:06:45.181287+01:00 - getstats Error - Failed to fetch source 
2023-06-05 03:06:45.181287+01:00 - getstats Error - Failed to parse source 
2023-06-05 03:07:00.189267+01:00 - news.config Error - title does not exist 
2023-06-05 03:07:00.189267+01:00 - get Error - failed to connect 
2023-06-05 03:07:00.190266+01:00 - get Error - failed to connect 
2023-06-05 03:07:00.191263+01:00 - getstatuses Error - Failed to fetch source 
2023-06-05 03:07:00.192260+01:00 - getstatuses Error - Failed to fetch source 
2023-06-05 03:07:00.192260+01:00 - get Error - failed to connect 
2023-06-05 03:07:00.194255+01:00 - getweather Error - Failed to fetch source 
2023-06-05 03:07:00.196249+01:00 - get Error - failed to connect 
2023-06-05 03:07:00.196249+01:00 - getweather Error - Failed to fetch source 
2023-06-05 03:07:00.197246+01:00 - get Error - failed to connect 
2023-06-05 03:07:00.198243+01:00 - getweather Error - Failed to fetch source 
2023-06-05 03:07:00.199244+01:00 - get Error - failed to connect 
2023-06-05 03:07:00.200238+01:00 - getstats Error - Failed to fetch source 
2023-06-05 03:07:00.200238+01:00 - get Error - failed to connect 
2023-06-05 03:07:00.200238+01:00 - getstats Error - Failed to parse source 
2023-06-05 03:07:00.201235+01:00 - getweather Error - Failed to fetch source 
2023-06-05 03:07:00.202232+01:00 - get Error - failed to connect 
2023-06-05 03:07:00.202232+01:00 - getweather Error - Failed to fetch source 
2023-06-05 03:07:15.203208+01:00 - get Error - failed to connect 
2023-06-05 03:07:15.204165+01:00 - news.config Error - title does not exist 
2023-06-05 03:07:15.204165+01:00 - get Error - failed to connect 
2023-06-05 03:07:15.204165+01:00 - getstatuses Error - Failed to fetch source 
2023-06-05 03:07:15.205162+01:00 - getstatuses Error - Failed to fetch source 
2023-06-05 03:07:15.209178+01:00 - get Error - failed to connect 
2023-06-05 03:07:15.209178+01:00 - getstats Error - Failed to fetch source 
2023-06-05 03:07:15.210150+01:00 - getstats Error - Failed to parse source 
2023-06-05 03:07:30.217943+01:00 - news.config Error - title does not exist 
2023-06-05 03:07:30.217943+01:00 - get Error - failed to connect 
2023-06-05 03:07:30.217943+01:00 - get Error - failed to connect 
2023-06-05 03:07:30.219950+01:00 - getstatuses Error - Failed to fetch source 
2023-06-05 03:07:30.219950+01:00 - getstatuses Error - Failed to fetch source 
2023-06-05 03:07:30.223927+01:00 - get Error - failed to connect 
2023-06-05 03:07:30.223927+01:00 - getstats Error - Failed to fetch source 
2023-06-05 03:07:30.224925+01:00 - getstats Error - Failed to parse source 
2023-06-05 03:07:45.232300+01:00 - news.config Error - title does not exist 
2023-06-05 03:07:45.233214+01:00 - get Error - failed to connect 
2023-06-05 03:07:45.233214+01:00 - get Error - failed to connect 
2023-06-05 03:07:45.234211+01:00 - getstatuses Error - Failed to fetch source 
2023-06-05 03:07:45.234211+01:00 - getstatuses Error - Failed to fetch source 
2023-06-05 03:07:45.237204+01:00 - get Error - failed to connect 
2023-06-05 03:07:45.238201+01:00 - getstats Error - Failed to fetch source 
2023-06-05 03:07:45.238201+01:00 - getstats Error - Failed to parse source 
2023-06-05 03:08:00.246066+01:00 - news.config Error - title does not exist 
2023-06-05 03:08:00.247063+01:00 - get Error - failed to connect 
2023-06-05 03:08:00.247063+01:00 - get Error - failed to connect 
2023-06-05 03:08:00.249057+01:00 - getstatuses Error - Failed to fetch source 
2023-06-05 03:08:00.249057+01:00 - getstatuses Error - Failed to fetch source 
2023-06-05 03:08:00.249057+01:00 - get Error - failed to connect 
2023-06-05 03:08:00.249057+01:00 - getweather Error - Failed to fetch source 
2023-06-05 03:08:00.251052+01:00 - get Error - failed to connect 
2023-06-05 03:08:00.251998+01:00 - getweather Error - Failed to fetch source 
2023-06-05 03:08:00.252985+01:00 - get Error - failed to connect 
2023-06-05 03:08:00.252985+01:00 - getweather Error - Failed to fetch source 
2023-06-05 03:08:00.253982+01:00 - get Error - failed to connect 
2023-06-05 03:08:00.254979+01:00 - getstats Error - Failed to fetch source 
2023-06-05 03:08:00.254979+01:00 - get Error - failed to connect 
2023-06-05 03:08:00.254979+01:00 - getstats Error - Failed to parse source 
2023-06-05 03:08:00.254979+01:00 - getweather Error - Failed to fetch source 
2023-06-05 03:08:00.255977+01:00 - get Error - failed to connect 
2023-06-05 03:08:00.256974+01:00 - getweather Error - Failed to fetch source 
2023-06-05 03:08:15.263897+01:00 - news.config Error - title does not exist 
2023-06-05 03:08:15.263897+01:00 - get Error - failed to connect 
2023-06-05 03:08:15.264894+01:00 - get Error - failed to connect 
2023-06-05 03:08:15.265892+01:00 - getstatuses Error - Failed to fetch source 
2023-06-05 03:08:15.266904+01:00 - getstatuses Error - Failed to fetch source 
2023-06-05 03:08:15.270878+01:00 - get Error - failed to connect 
2023-06-05 03:08:15.270878+01:00 - getstats Error - Failed to fetch source 
2023-06-05 03:08:15.271875+01:00 - getstats Error - Failed to parse source 
2023-06-05 03:08:30.283835+01:00 - news.config Error - title does not exist 
2023-06-05 03:08:30.283835+01:00 - get Error - failed to connect 
2023-06-05 03:08:30.283835+01:00 - get Error - failed to connect 
2023-06-05 03:08:30.284837+01:00 - getstatuses Error - Failed to fetch source 
2023-06-05 03:08:30.284837+01:00 - getstatuses Error - Failed to fetch source 
2023-06-05 03:08:30.289819+01:00 - get Error - failed to connect 
2023-06-05 03:08:30.289819+01:00 - getstats Error - Failed to fetch source 
2023-06-05 03:08:30.290816+01:00 - getstats Error - Failed to parse source 
2023-06-05 03:08:45.295868+01:00 - news.config Error - title does not exist 
2023-06-05 03:08:45.295868+01:00 - get Error - failed to connect 
2023-06-05 03:08:45.296866+01:00 - getstatuses Error - Failed to fetch source 
2023-06-05 03:08:45.296866+01:00 - getstatuses Error - Failed to fetch source 
2023-06-05 03:08:45.302065+01:00 - get Error - failed to connect 
2023-06-05 03:08:45.302065+01:00 - getstats Error - Failed to fetch source 
2023-06-05 03:08:45.303053+01:00 - getstats Error - Failed to parse source 
2023-06-05 03:09:00.308771+01:00 - news.config Error - title does not exist 
2023-06-05 03:09:00.308771+01:00 - get Error - failed to connect 
2023-06-05 03:09:00.308771+01:00 - get Error - failed to connect 
2023-06-05 03:09:00.310766+01:00 - getstatuses Error - Failed to fetch source 
2023-06-05 03:09:00.310766+01:00 - getstatuses Error - Failed to fetch source 
2023-06-05 03:09:00.310766+01:00 - get Error - failed to connect 
2023-06-05 03:09:00.312760+01:00 - getweather Error - Failed to fetch source 
2023-06-05 03:09:00.314755+01:00 - get Error - failed to connect 
2023-06-05 03:09:00.314755+01:00 - getweather Error - Failed to fetch source 
2023-06-05 03:09:00.316750+01:00 - get Error - failed to connect 
2023-06-05 03:09:00.317747+01:00 - getweather Error - Failed to fetch source 
2023-06-05 03:09:00.317747+01:00 - get Error - failed to connect 
2023-06-05 03:09:00.318744+01:00 - getstats Error - Failed to fetch source 
2023-06-05 03:09:00.318744+01:00 - getstats Error - Failed to parse source 
2023-06-05 03:09:00.319742+01:00 - get Error - failed to connect 
2023-06-05 03:09:00.319742+01:00 - getweather Error - Failed to fetch source 
2023-06-05 03:09:00.320739+01:00 - get Error - failed to connect 
2023-06-05 03:09:00.320739+01:00 - getweather Error - Failed to fetch source 
2023-06-05 03:09:15.321762+01:00 - news.config Error - title does not exist 
2023-06-05 03:09:15.322749+01:00 - get Error - failed to connect 
2023-06-05 03:09:15.322749+01:00 - get Error - failed to connect 
2023-06-05 03:09:15.323729+01:00 - getstatuses Error - Failed to fetch source 
2023-06-05 03:09:15.323729+01:00 - getstatuses Error - Failed to fetch source 
2023-06-05 03:09:15.329703+01:00 - get Error - failed to connect 
2023-06-05 03:09:15.329703+01:00 - getstats Error - Failed to fetch source 
2023-06-05 03:09:15.330700+01:00 - getstats Error - Failed to parse source 
2023-06-05 03:09:30.334734+01:00 - news.config Error - title does not exist 
2023-06-05 03:09:30.335731+01:00 - get Error - failed to connect 
2023-06-05 03:09:30.335731+01:00 - get Error - failed to connect 
2023-06-05 03:09:30.336728+01:00 - getstatuses Error - Failed to fetch source 
2023-06-05 03:09:30.337725+01:00 - getstatuses Error - Failed to fetch source 
2023-06-05 03:09:30.340717+01:00 - get Error - failed to connect 
2023-06-05 03:09:30.341714+01:00 - getstats Error - Failed to fetch source 
2023-06-05 03:09:30.341714+01:00 - getstats Error - Failed to parse source 
2023-06-05 03:09:45.353812+01:00 - get Error - failed to connect 
2023-06-05 03:09:45.353812+01:00 - news.config Error - title does not exist 
2023-06-05 03:09:45.353812+01:00 - get Error - failed to connect 
2023-06-05 03:09:45.354810+01:00 - getstatuses Error - Failed to fetch source 
2023-06-05 03:09:45.354810+01:00 - getstatuses Error - Failed to fetch source 
2023-06-05 03:09:45.358799+01:00 - get Error - failed to connect 
2023-06-05 03:09:45.358799+01:00 - getstats Error - Failed to fetch source 
2023-06-05 03:09:45.359797+01:00 - getstats Error - Failed to parse source 
2023-06-05 03:10:00.367758+01:00 - news.config Error - title does not exist 
2023-06-05 03:10:00.367758+01:00 - get Error - failed to connect 
2023-06-05 03:10:00.367758+01:00 - get Error - failed to connect 
2023-06-05 03:10:00.368755+01:00 - getstatuses Error - Failed to fetch source 
2023-06-05 03:10:00.369752+01:00 - getstatuses Error - Failed to fetch source 
2023-06-05 03:10:00.370750+01:00 - get Error - failed to connect 
2023-06-05 03:10:00.370750+01:00 - getweather Error - Failed to fetch source 
2023-06-05 03:10:00.371747+01:00 - get Error - failed to connect 
2023-06-05 03:10:00.371747+01:00 - getweather Error - Failed to fetch source 
2023-06-05 03:10:00.373742+01:00 - get Error - failed to connect 
2023-06-05 03:10:00.374739+01:00 - get Error - failed to connect 
2023-06-05 03:10:00.374739+01:00 - getweather Error - Failed to fetch source 
2023-06-05 03:10:00.375750+01:00 - getstats Error - Failed to fetch source 
2023-06-05 03:10:00.376734+01:00 - getstats Error - Failed to parse source 
2023-06-05 03:10:00.376734+01:00 - get Error - failed to connect 
2023-06-05 03:10:00.377731+01:00 - getweather Error - Failed to fetch source 
2023-06-05 03:10:00.379726+01:00 - get Error - failed to connect 
2023-06-05 03:10:00.379726+01:00 - getweather Error - Failed to fetch source 
2023-06-05 03:10:15.381646+01:00 - news.config Error - title does not exist 
2023-06-05 03:10:15.382646+01:00 - get Error - failed to connect 
2023-06-05 03:10:15.382646+01:00 - get Error - failed to connect 
2023-06-05 03:10:15.383640+01:00 - getstatuses Error - Failed to fetch source 
2023-06-05 03:10:15.383640+01:00 - getstatuses Error - Failed to fetch source 
2023-06-05 03:10:15.387630+01:00 - get Error - failed to connect 
2023-06-05 03:10:15.387630+01:00 - getstats Error - Failed to fetch source 
2023-06-05 03:10:15.388628+01:00 - getstats Error - Failed to parse source 
2023-06-05 03:10:30.396699+01:00 - news.config Error - title does not exist 
2023-06-05 03:10:30.397674+01:00 - get Error - failed to connect 
2023-06-05 03:10:30.397674+01:00 - get Error - failed to connect 
2023-06-05 03:10:30.398669+01:00 - getstatuses Error - Failed to fetch source 
2023-06-05 03:10:30.398669+01:00 - getstatuses Error - Failed to fetch source 
2023-06-05 03:10:30.402658+01:00 - get Error - failed to connect 
2023-06-05 03:10:30.402658+01:00 - getstats Error - Failed to fetch source 
2023-06-05 03:10:30.403656+01:00 - getstats Error - Failed to parse source 
2023-06-05 03:10:45.411658+01:00 - get Error - failed to connect 
2023-06-05 03:10:45.412655+01:00 - news.config Error - title does not exist 
2023-06-05 03:10:45.412655+01:00 - get Error - failed to connect 
2023-06-05 03:10:45.412655+01:00 - getstatuses Error - Failed to fetch source 
2023-06-05 03:10:45.413652+01:00 - getstatuses Error - Failed to fetch source 
2023-06-05 03:10:45.416645+01:00 - get Error - failed to connect 
2023-06-05 03:10:45.417642+01:00 - getstats Error - Failed to fetch source 
2023-06-05 03:10:45.417642+01:00 - getstats Error - Failed to parse source 
2023-06-05 03:11:00.427476+01:00 - news.config Error - title does not exist 
2023-06-05 03:11:00.427476+01:00 - get Error - failed to connect 
2023-06-05 03:11:00.427476+01:00 - get Error - failed to connect 
2023-06-05 03:11:00.429443+01:00 - getstatuses Error - Failed to fetch source 
2023-06-05 03:11:00.430440+01:00 - getstatuses Error - Failed to fetch source 
2023-06-05 03:11:00.430440+01:00 - get Error - failed to connect 
2023-06-05 03:11:00.430440+01:00 - getweather Error - Failed to fetch source 
2023-06-05 03:11:00.432435+01:00 - get Error - failed to connect 
2023-06-05 03:11:00.432435+01:00 - getweather Error - Failed to fetch source 
2023-06-05 03:11:00.434453+01:00 - get Error - failed to connect 
2023-06-05 03:11:00.434453+01:00 - getweather Error - Failed to fetch source 
2023-06-05 03:11:00.437421+01:00 - get Error - failed to connect 
2023-06-05 03:11:00.437421+01:00 - get Error - failed to connect 
2023-06-05 03:11:00.437421+01:00 - getweather Error - Failed to fetch source 
2023-06-05 03:11:00.438419+01:00 - getstats Error - Failed to fetch source 
2023-06-05 03:11:00.439416+01:00 - getstats Error - Failed to parse source 
2023-06-05 03:11:00.440413+01:00 - get Error - failed to connect 
2023-06-05 03:11:00.440413+01:00 - getweather Error - Failed to fetch source 
2023-06-05 03:11:15.445368+01:00 - news.config Error - title does not exist 
2023-06-05 03:11:15.446361+01:00 - get Error - failed to connect 
2023-06-05 03:11:15.446361+01:00 - get Error - failed to connect 
2023-06-05 03:11:15.448330+01:00 - getstatuses Error - Failed to fetch source 
2023-06-05 03:11:15.448330+01:00 - getstatuses Error - Failed to fetch source 
2023-06-05 03:11:15.451322+01:00 - get Error - failed to connect 
2023-06-05 03:11:15.452323+01:00 - getstats Error - Failed to fetch source 
2023-06-05 03:11:15.453317+01:00 - getstats Error - Failed to parse source 
2023-06-05 03:11:30.457014+01:00 - news.config Error - title does not exist 
2023-06-05 03:11:30.458011+01:00 - get Error - failed to connect 
2023-06-05 03:11:30.458011+01:00 - get Error - failed to connect 
2023-06-05 03:11:30.459010+01:00 - getstatuses Error - Failed to fetch source 
2023-06-05 03:11:30.459010+01:00 - getstatuses Error - Failed to fetch source 
2023-06-05 03:11:30.464053+01:00 - get Error - failed to connect 
2023-06-05 03:11:30.464053+01:00 - getstats Error - Failed to fetch source 
2023-06-05 03:11:30.464053+01:00 - getstats Error - Failed to parse source 
2023-06-05 03:11:45.473539+01:00 - news.config Error - title does not exist 
2023-06-05 03:11:45.473539+01:00 - get Error - failed to connect 
2023-06-05 03:11:45.474544+01:00 - get Error - failed to connect 
2023-06-05 03:11:45.474544+01:00 - getstatuses Error - Failed to fetch source 
2023-06-05 03:11:45.475534+01:00 - getstatuses Error - Failed to fetch source 
2023-06-05 03:11:45.479550+01:00 - get Error - failed to connect 
2023-06-05 03:11:45.479550+01:00 - getstats Error - Failed to fetch source 
2023-06-05 03:11:45.479550+01:00 - getstats Error - Failed to parse source 
2023-06-05 03:12:00.486610+01:00 - news.config Error - title does not exist 
2023-06-05 03:12:00.486610+01:00 - get Error - failed to connect 
2023-06-05 03:12:00.487607+01:00 - get Error - failed to connect 
2023-06-05 03:12:00.487607+01:00 - getstatuses Error - Failed to fetch source 
2023-06-05 03:12:00.488622+01:00 - getstatuses Error - Failed to fetch source 
2023-06-05 03:12:00.488622+01:00 - get Error - failed to connect 
2023-06-05 03:12:00.489602+01:00 - getweather Error - Failed to fetch source 
2023-06-05 03:12:00.492594+01:00 - get Error - failed to connect 
2023-06-05 03:12:00.492594+01:00 - getweather Error - Failed to fetch source 
2023-06-05 03:12:00.494589+01:00 - get Error - failed to connect 
2023-06-05 03:12:00.494589+01:00 - getweather Error - Failed to fetch source 
2023-06-05 03:12:00.495587+01:00 - get Error - failed to connect 
2023-06-05 03:12:00.496583+01:00 - getstats Error - Failed to fetch source 
2023-06-05 03:12:00.496583+01:00 - get Error - failed to connect 
2023-06-05 03:12:00.496583+01:00 - getstats Error - Failed to parse source 
2023-06-05 03:12:00.496583+01:00 - getweather Error - Failed to fetch source 
2023-06-05 03:12:00.498577+01:00 - get Error - failed to connect 
2023-06-05 03:12:00.498577+01:00 - getweather Error - Failed to fetch source 
2023-06-05 03:12:15.498679+01:00 - news.config Error - title does not exist 
2023-06-05 03:12:15.499686+01:00 - get Error - failed to connect 
2023-06-05 03:12:15.499686+01:00 - get Error - failed to connect 
2023-06-05 03:12:15.500650+01:00 - getstatuses Error - Failed to fetch source 
2023-06-05 03:12:15.500650+01:00 - getstatuses Error - Failed to fetch source 
2023-06-05 03:12:15.504664+01:00 - get Error - failed to connect 
2023-06-05 03:12:15.504664+01:00 - getstats Error - Failed to fetch source 
2023-06-05 03:12:15.506634+01:00 - getstats Error - Failed to parse source 
2023-06-05 03:12:30.513538+01:00 - news.config Error - title does not exist 
2023-06-05 03:12:30.513538+01:00 - get Error - failed to connect 
2023-06-05 03:12:30.513538+01:00 - get Error - failed to connect 
2023-06-05 03:12:30.513538+01:00 - getstatuses Error - Failed to fetch source 
2023-06-05 03:12:30.514534+01:00 - getstatuses Error - Failed to fetch source 
2023-06-05 03:12:30.518525+01:00 - get Error - failed to connect 
2023-06-05 03:12:30.518525+01:00 - getstats Error - Failed to fetch source 
2023-06-05 03:12:30.518525+01:00 - getstats Error - Failed to parse source 
2023-06-05 03:12:45.528337+01:00 - news.config Error - title does not exist 
2023-06-05 03:12:45.529359+01:00 - get Error - failed to connect 
2023-06-05 03:12:45.529359+01:00 - get Error - failed to connect 
2023-06-05 03:12:45.530304+01:00 - getstatuses Error - Failed to fetch source 
2023-06-05 03:12:45.532299+01:00 - getstatuses Error - Failed to fetch source 
2023-06-05 03:12:45.537164+01:00 - get Error - failed to connect 
2023-06-05 03:12:45.537164+01:00 - getstats Error - Failed to fetch source 
2023-06-05 03:12:45.538161+01:00 - getstats Error - Failed to parse source 
2023-06-05 03:13:00.541572+01:00 - news.config Error - title does not exist 
2023-06-05 03:13:00.542569+01:00 - get Error - failed to connect 
2023-06-05 03:13:00.542569+01:00 - get Error - failed to connect 
2023-06-05 03:13:00.544539+01:00 - getstatuses Error - Failed to fetch source 
2023-06-05 03:13:00.544539+01:00 - getstatuses Error - Failed to fetch source 
2023-06-05 03:13:00.544539+01:00 - get Error - failed to connect 
2023-06-05 03:13:00.545543+01:00 - getweather Error - Failed to fetch source 
2023-06-05 03:13:00.547531+01:00 - get Error - failed to connect 
2023-06-05 03:13:00.547531+01:00 - getweather Error - Failed to fetch source 
2023-06-05 03:13:00.549526+01:00 - get Error - failed to connect 
2023-06-05 03:13:00.550523+01:00 - getweather Error - Failed to fetch source 
2023-06-05 03:13:00.552518+01:00 - get Error - failed to connect 
2023-06-05 03:13:00.552518+01:00 - get Error - failed to connect 
2023-06-05 03:13:00.552518+01:00 - getstats Error - Failed to fetch source 
2023-06-05 03:13:00.553516+01:00 - getweather Error - Failed to fetch source 
2023-06-05 03:13:00.553516+01:00 - getstats Error - Failed to parse source 
2023-06-05 03:13:00.554513+01:00 - get Error - failed to connect 
2023-06-05 03:13:00.554513+01:00 - getweather Error - Failed to fetch source 
2023-06-05 03:13:15.555821+01:00 - news.config Error - title does not exist 
2023-06-05 03:13:15.556834+01:00 - get Error - failed to connect 
2023-06-05 03:13:15.556834+01:00 - get Error - failed to connect 
2023-06-05 03:13:15.557811+01:00 - getstatuses Error - Failed to fetch source 
2023-06-05 03:13:15.557811+01:00 - getstatuses Error - Failed to fetch source 
2023-06-05 03:13:15.562784+01:00 - get Error - failed to connect 
2023-06-05 03:13:15.563781+01:00 - getstats Error - Failed to fetch source 
2023-06-05 03:13:15.563781+01:00 - getstats Error - Failed to parse source 
2023-06-05 03:13:30.571576+01:00 - news.config Error - title does not exist 
2023-06-05 03:13:30.572585+01:00 - get Error - failed to connect 
2023-06-05 03:13:30.572585+01:00 - getstatuses Error - Failed to fetch source 
2023-06-05 03:13:30.573571+01:00 - getstatuses Error - Failed to fetch source 
2023-06-05 03:13:30.577861+01:00 - get Error - failed to connect 
2023-06-05 03:13:30.577861+01:00 - getstats Error - Failed to fetch source 
2023-06-05 03:13:30.578558+01:00 - getstats Error - Failed to parse source 
2023-06-05 03:13:45.584705+01:00 - news.config Error - title does not exist 
2023-06-05 03:13:45.584705+01:00 - get Error - failed to connect 
2023-06-05 03:13:45.585701+01:00 - get Error - failed to connect 
2023-06-05 03:13:45.585701+01:00 - getstatuses Error - Failed to fetch source 
2023-06-05 03:13:45.585701+01:00 - getstatuses Error - Failed to fetch source 
2023-06-05 03:13:45.589690+01:00 - get Error - failed to connect 
2023-06-05 03:13:45.589690+01:00 - getstats Error - Failed to fetch source 
2023-06-05 03:13:45.590688+01:00 - getstats Error - Failed to parse source 
2023-06-05 03:14:00.596004+01:00 - news.config Error - title does not exist 
2023-06-05 03:14:00.597001+01:00 - get Error - failed to connect 
2023-06-05 03:14:00.597001+01:00 - get Error - failed to connect 
2023-06-05 03:14:00.597999+01:00 - getstatuses Error - Failed to fetch source 
2023-06-05 03:14:00.599007+01:00 - getstatuses Error - Failed to fetch source 
2023-06-05 03:14:00.599007+01:00 - get Error - failed to connect 
2023-06-05 03:14:00.599993+01:00 - getweather Error - Failed to fetch source 
2023-06-05 03:14:00.600991+01:00 - get Error - failed to connect 
2023-06-05 03:14:00.600991+01:00 - getweather Error - Failed to fetch source 
2023-06-05 03:14:00.602985+01:00 - get Error - failed to connect 
2023-06-05 03:14:00.602985+01:00 - getweather Error - Failed to fetch source 
2023-06-05 03:14:00.602985+01:00 - get Error - failed to connect 
2023-06-05 03:14:00.603982+01:00 - getstats Error - Failed to fetch source 
2023-06-05 03:14:00.603982+01:00 - getstats Error - Failed to parse source 
2023-06-05 03:14:00.604991+01:00 - get Error - failed to connect 
2023-06-05 03:14:00.604991+01:00 - getweather Error - Failed to fetch source 
2023-06-05 03:14:00.605978+01:00 - get Error - failed to connect 
2023-06-05 03:14:00.605978+01:00 - getweather Error - Failed to fetch source 
2023-06-05 03:14:15.609503+01:00 - news.config Error - title does not exist 
2023-06-05 03:14:15.610499+01:00 - get Error - failed to connect 
2023-06-05 03:14:15.610499+01:00 - get Error - failed to connect 
2023-06-05 03:14:15.610499+01:00 - getstatuses Error - Failed to fetch source 
2023-06-05 03:14:15.611509+01:00 - getstatuses Error - Failed to fetch source 
2023-06-05 03:14:15.615486+01:00 - get Error - failed to connect 
2023-06-05 03:14:15.615486+01:00 - getstats Error - Failed to fetch source 
2023-06-05 03:14:15.616484+01:00 - getstats Error - Failed to parse source 
2023-06-05 03:14:30.621441+01:00 - news.config Error - title does not exist 
2023-06-05 03:14:30.622439+01:00 - get Error - failed to connect 
2023-06-05 03:14:30.622439+01:00 - get Error - failed to connect 
2023-06-05 03:14:30.623436+01:00 - getstatuses Error - Failed to fetch source 
2023-06-05 03:14:30.623436+01:00 - getstatuses Error - Failed to fetch source 
2023-06-05 03:14:30.630417+01:00 - get Error - failed to connect 
2023-06-05 03:14:30.630417+01:00 - getstats Error - Failed to fetch source 
2023-06-05 03:14:30.630417+01:00 - getstats Error - Failed to parse source 
2023-06-05 03:14:45.636753+01:00 - news.config Error - title does not exist 
2023-06-05 03:14:45.637751+01:00 - get Error - failed to connect 
2023-06-05 03:14:45.637751+01:00 - get Error - failed to connect 
2023-06-05 03:14:45.638748+01:00 - getstatuses Error - Failed to fetch source 
2023-06-05 03:14:45.638748+01:00 - getstatuses Error - Failed to fetch source 
2023-06-05 03:14:45.643735+01:00 - get Error - failed to connect 
2023-06-05 03:14:45.644732+01:00 - getstats Error - Failed to fetch source 
2023-06-05 03:14:45.644732+01:00 - getstats Error - Failed to parse source 
2023-06-05 03:15:00.651597+01:00 - news.config Error - title does not exist 
2023-06-05 03:15:00.652612+01:00 - get Error - failed to connect 
2023-06-05 03:15:00.653615+01:00 - get Error - failed to connect 
2023-06-05 03:15:00.653615+01:00 - getstatuses Error - Failed to fetch source 
2023-06-05 03:15:00.654561+01:00 - get Error - failed to connect 
2023-06-05 03:15:00.654561+01:00 - getstatuses Error - Failed to fetch source 
2023-06-05 03:15:00.654561+01:00 - getweather Error - Failed to fetch source 
2023-06-05 03:15:00.657167+01:00 - get Error - failed to connect 
2023-06-05 03:15:00.658179+01:00 - getweather Error - Failed to fetch source 
2023-06-05 03:15:00.660160+01:00 - get Error - failed to connect 
2023-06-05 03:15:00.660160+01:00 - getweather Error - Failed to fetch source 
2023-06-05 03:15:00.661157+01:00 - get Error - failed to connect 
2023-06-05 03:15:00.661157+01:00 - getstats Error - Failed to fetch source 
2023-06-05 03:15:00.662154+01:00 - getstats Error - Failed to parse source 
2023-06-05 03:15:00.662154+01:00 - get Error - failed to connect 
2023-06-05 03:15:00.662154+01:00 - getweather Error - Failed to fetch source 
2023-06-05 03:15:00.663151+01:00 - get Error - failed to connect 
2023-06-05 03:15:00.664149+01:00 - getweather Error - Failed to fetch source 
2023-06-05 03:15:15.665529+01:00 - news.config Error - title does not exist 
2023-06-05 03:15:15.666525+01:00 - get Error - failed to connect 
2023-06-05 03:15:15.666525+01:00 - get Error - failed to connect 
2023-06-05 03:15:15.667523+01:00 - getstatuses Error - Failed to fetch source 
2023-06-05 03:15:15.668520+01:00 - getstatuses Error - Failed to fetch source 
2023-06-05 03:15:15.672543+01:00 - get Error - failed to connect 
2023-06-05 03:15:15.672543+01:00 - getstats Error - Failed to fetch source 
2023-06-05 03:15:15.673506+01:00 - getstats Error - Failed to parse source 
2023-06-05 03:15:30.677586+01:00 - news.config Error - title does not exist 
2023-06-05 03:15:30.678593+01:00 - get Error - failed to connect 
2023-06-05 03:15:30.678593+01:00 - get Error - failed to connect 
2023-06-05 03:15:30.679566+01:00 - getstatuses Error - Failed to fetch source 
2023-06-05 03:15:30.679566+01:00 - getstatuses Error - Failed to fetch source 
2023-06-05 03:15:30.683580+01:00 - get Error - failed to connect 
2023-06-05 03:15:30.683580+01:00 - getstats Error - Failed to fetch source 
2023-06-05 03:15:30.683580+01:00 - getstats Error - Failed to parse source 
2023-06-05 03:15:45.689102+01:00 - news.config Error - title does not exist 
2023-06-05 03:15:45.690100+01:00 - get Error - failed to connect 
2023-06-05 03:15:45.690100+01:00 - get Error - failed to connect 
2023-06-05 03:15:45.691097+01:00 - getstatuses Error - Failed to fetch source 
2023-06-05 03:15:45.691097+01:00 - getstatuses Error - Failed to fetch source 
2023-06-05 03:15:45.694089+01:00 - get Error - failed to connect 
2023-06-05 03:15:45.694089+01:00 - getstats Error - Failed to fetch source 
2023-06-05 03:15:45.694089+01:00 - getstats Error - Failed to parse source 
2023-06-05 03:16:00.702718+01:00 - get Error - failed to connect 
2023-06-05 03:16:00.702718+01:00 - get Error - failed to connect 
ot exist 
2023-06-05 03:16:00.703689+01:00 - getstatuses Error - Failed to fetch source 
2023-06-05 03:16:00.704685+01:00 - getstatuses Error - Failed to fetch source 
2023-06-05 03:16:00.705683+01:00 - get Error - failed to connect 
2023-06-05 03:16:00.705683+01:00 - getweather Error - Failed to fetch source 
2023-06-05 03:16:00.706706+01:00 - get Error - failed to connect 
2023-06-05 03:16:00.707678+01:00 - getweather Error - Failed to fetch source 
2023-06-05 03:16:00.708675+01:00 - get Error - failed to connect 
2023-06-05 03:16:00.708675+01:00 - getweather Error - Failed to fetch source 
2023-06-05 03:16:00.711667+01:00 - get Error - failed to connect 
2023-06-05 03:16:00.712665+01:00 - getstats Error - Failed to fetch source 
2023-06-05 03:16:00.712665+01:00 - get Error - failed to connect 
2023-06-05 03:16:00.712665+01:00 - getstats Error - Failed to parse source 
2023-06-05 03:16:00.712665+01:00 - getweather Error - Failed to fetch source 
2023-06-05 03:16:00.714659+01:00 - get Error - failed to connect 
2023-06-05 03:16:00.714659+01:00 - getweather Error - Failed to fetch source 
2023-06-05 03:16:15.714349+01:00 - news.config Error - title does not exist 
2023-06-05 03:16:15.715346+01:00 - get Error - failed to connect 
2023-06-05 03:16:15.715346+01:00 - get Error - failed to connect 
2023-06-05 03:16:15.716372+01:00 - getstatuses Error - Failed to fetch source 
2023-06-05 03:16:15.717363+01:00 - getstatuses Error - Failed to fetch source 
2023-06-05 03:16:15.721330+01:00 - get Error - failed to connect 
2023-06-05 03:16:15.722328+01:00 - getstats Error - Failed to fetch source 
2023-06-05 03:16:15.722328+01:00 - getstats Error - Failed to parse source 
2023-06-05 03:16:30.729500+01:00 - news.config Error - title does not exist 
2023-06-05 03:16:30.730498+01:00 - get Error - failed to connect 
2023-06-05 03:16:30.730498+01:00 - get Error - failed to connect 
2023-06-05 03:16:30.731507+01:00 - getstatuses Error - Failed to fetch source 
2023-06-05 03:16:30.731507+01:00 - getstatuses Error - Failed to fetch source 
2023-06-05 03:16:30.736482+01:00 - get Error - failed to connect 
2023-06-05 03:16:30.736482+01:00 - getstats Error - Failed to fetch source 
2023-06-05 03:16:30.736482+01:00 - getstats Error - Failed to parse source 
2023-06-05 03:16:45.740555+01:00 - news.config Error - title does not exist 
2023-06-05 03:16:45.740555+01:00 - get Error - failed to connect 
2023-06-05 03:16:45.740555+01:00 - get Error - failed to connect 
2023-06-05 03:16:45.742541+01:00 - getstatuses Error - Failed to fetch source 
2023-06-05 03:16:45.742541+01:00 - getstatuses Error - Failed to fetch source 
2023-06-05 03:16:45.746512+01:00 - get Error - failed to connect 
2023-06-05 03:16:45.747510+01:00 - getstats Error - Failed to fetch source 
2023-06-05 03:16:45.747510+01:00 - getstats Error - Failed to parse source 
2023-06-05 03:17:00.753573+01:00 - news.config Error - title does not exist 
2023-06-05 03:17:00.754571+01:00 - get Error - failed to connect 
2023-06-05 03:17:00.755568+01:00 - get Error - failed to connect 
2023-06-05 03:17:00.756564+01:00 - getstatuses Error - Failed to fetch source 
2023-06-05 03:17:00.756564+01:00 - getstatuses Error - Failed to fetch source 
2023-06-05 03:17:00.757562+01:00 - get Error - failed to connect 
2023-06-05 03:17:00.757562+01:00 - getweather Error - Failed to fetch source 
2023-06-05 03:17:00.759557+01:00 - get Error - failed to connect 
2023-06-05 03:17:00.759557+01:00 - getweather Error - Failed to fetch source 
2023-06-05 03:17:00.761551+01:00 - get Error - failed to connect 
2023-06-05 03:17:00.762548+01:00 - getweather Error - Failed to fetch source 
2023-06-05 03:17:00.762548+01:00 - get Error - failed to connect 
2023-06-05 03:17:00.763546+01:00 - getstats Error - Failed to fetch source 
2023-06-05 03:17:00.763546+01:00 - getstats Error - Failed to parse source 
2023-06-05 03:17:00.763546+01:00 - get Error - failed to connect 
2023-06-05 03:17:00.764543+01:00 - getweather Error - Failed to fetch source 
2023-06-05 03:17:00.765541+01:00 - get Error - failed to connect 
2023-06-05 03:17:00.765541+01:00 - getweather Error - Failed to fetch source 
2023-06-05 03:17:15.766772+01:00 - get Error - failed to connect 
2023-06-05 03:17:15.766772+01:00 - news.config Error - title does not exist 
2023-06-05 03:17:15.766772+01:00 - get Error - failed to connect 
2023-06-05 03:17:15.767741+01:00 - getstatuses Error - Failed to fetch source 
2023-06-05 03:17:15.768737+01:00 - getstatuses Error - Failed to fetch source 
2023-06-05 03:17:15.771729+01:00 - get Error - failed to connect 
2023-06-05 03:17:15.772726+01:00 - getstats Error - Failed to fetch source 
2023-06-05 03:17:15.773727+01:00 - getstats Error - Failed to parse source 
2023-06-05 03:17:30.783111+01:00 - news.config Error - title does not exist 
2023-06-05 03:17:30.785107+01:00 - get Error - failed to connect 
2023-06-05 03:17:30.785107+01:00 - get Error - failed to connect 
2023-06-05 03:17:30.786104+01:00 - getstatuses Error - Failed to fetch source 
2023-06-05 03:17:30.787101+01:00 - getstatuses Error - Failed to fetch source 
2023-06-05 03:17:30.791090+01:00 - get Error - failed to connect 
2023-06-05 03:17:30.791090+01:00 - getstats Error - Failed to fetch source 
2023-06-05 03:17:30.791090+01:00 - getstats Error - Failed to parse source 
2023-06-05 03:17:45.796472+01:00 - news.config Error - title does not exist 
2023-06-05 03:17:45.796472+01:00 - get Error - failed to connect 
2023-06-05 03:17:45.797488+01:00 - get Error - failed to connect 
2023-06-05 03:17:45.798467+01:00 - getstatuses Error - Failed to fetch source 
2023-06-05 03:17:45.799464+01:00 - getstatuses Error - Failed to fetch source 
2023-06-05 03:17:45.802456+01:00 - get Error - failed to connect 
2023-06-05 03:17:45.803453+01:00 - getstats Error - Failed to fetch source 
2023-06-05 03:17:45.803453+01:00 - getstats Error - Failed to parse source 
2023-06-05 03:18:00.813790+01:00 - news.config Error - title does not exist 
2023-06-05 03:18:00.814787+01:00 - get Error - failed to connect 
2023-06-05 03:18:00.814787+01:00 - get Error - failed to connect 
2023-06-05 03:18:00.816782+01:00 - getstatuses Error - Failed to fetch source 
2023-06-05 03:18:00.816782+01:00 - getstatuses Error - Failed to fetch source 
2023-06-05 03:18:00.817792+01:00 - get Error - failed to connect 
2023-06-05 03:18:00.818776+01:00 - getweather Error - Failed to fetch source 
2023-06-05 03:18:00.820772+01:00 - get Error - failed to connect 
2023-06-05 03:18:00.820772+01:00 - getweather Error - Failed to fetch source 
2023-06-05 03:18:00.821768+01:00 - get Error - failed to connect 
2023-06-05 03:18:00.822765+01:00 - getweather Error - Failed to fetch source 
2023-06-05 03:18:00.823764+01:00 - get Error - failed to connect 
2023-06-05 03:18:00.824761+01:00 - getweather Error - Failed to fetch source 
2023-06-05 03:18:00.827753+01:00 - get Error - failed to connect 
2023-06-05 03:18:00.827753+01:00 - get Error - failed to connect 
2023-06-05 03:18:00.828366+01:00 - getweather Error - Failed to fetch source 
2023-06-05 03:18:00.828764+01:00 - getstats Error - Failed to fetch source 
2023-06-05 03:18:00.828764+01:00 - getstats Error - Failed to parse source 
2023-06-05 03:18:15.826556+01:00 - news.config Error - title does not exist 
2023-06-05 03:18:15.827530+01:00 - get Error - failed to connect 
2023-06-05 03:18:15.827530+01:00 - get Error - failed to connect 
2023-06-05 03:18:15.828545+01:00 - getstatuses Error - Failed to fetch source 
2023-06-05 03:18:15.829524+01:00 - getstatuses Error - Failed to fetch source 
2023-06-05 03:18:15.832515+01:00 - get Error - failed to connect 
2023-06-05 03:18:15.832515+01:00 - getstats Error - Failed to fetch source 
2023-06-05 03:18:15.833544+01:00 - getstats Error - Failed to parse source 
2023-06-05 03:18:30.842586+01:00 - get Error - failed to connect 
2023-06-05 03:18:30.842586+01:00 - get Error - failed to connect 
2023-06-05 03:18:30.842586+01:00 - news.config Error - title does not exist 
2023-06-05 03:18:30.843554+01:00 - getstatuses Error - Failed to fetch source 
2023-06-05 03:18:30.846547+01:00 - getstatuses Error - Failed to fetch source 
2023-06-05 03:18:30.851532+01:00 - get Error - failed to connect 
2023-06-05 03:18:30.851532+01:00 - getstats Error - Failed to fetch source 
2023-06-05 03:18:30.852562+01:00 - getstats Error - Failed to parse source 
2023-06-05 03:18:45.857340+01:00 - news.config Error - title does not exist 
2023-06-05 03:18:45.857340+01:00 - get Error - failed to connect 
2023-06-05 03:18:45.858351+01:00 - get Error - failed to connect 
2023-06-05 03:18:45.858351+01:00 - getstatuses Error - Failed to fetch source 
2023-06-05 03:18:45.859335+01:00 - getstatuses Error - Failed to fetch source 
2023-06-05 03:18:45.863322+01:00 - get Error - failed to connect 
2023-06-05 03:18:45.863322+01:00 - getstats Error - Failed to fetch source 
2023-06-05 03:18:45.863322+01:00 - getstats Error - Failed to parse source 
2023-06-05 03:19:00.869898+01:00 - news.config Error - title does not exist 
2023-06-05 03:19:00.869898+01:00 - get Error - failed to connect 
2023-06-05 03:19:00.870894+01:00 - get Error - failed to connect 
2023-06-05 03:19:00.871896+01:00 - getstatuses Error - Failed to fetch source 
2023-06-05 03:19:00.872896+01:00 - getstatuses Error - Failed to fetch source 
2023-06-05 03:19:00.872896+01:00 - get Error - failed to connect 
2023-06-05 03:19:00.873887+01:00 - getweather Error - Failed to fetch source 
2023-06-05 03:19:00.874884+01:00 - get Error - failed to connect 
2023-06-05 03:19:00.874884+01:00 - getweather Error - Failed to fetch source 
2023-06-05 03:19:00.876897+01:00 - get Error - failed to connect 
2023-06-05 03:19:00.876897+01:00 - getweather Error - Failed to fetch source 
2023-06-05 03:19:00.877879+01:00 - get Error - failed to connect 
2023-06-05 03:19:00.878873+01:00 - getstats Error - Failed to fetch source 
2023-06-05 03:19:00.878873+01:00 - get Error - failed to connect 
2023-06-05 03:19:00.879871+01:00 - getstats Error - Failed to parse source 
2023-06-05 03:19:00.879871+01:00 - getweather Error - Failed to fetch source 
2023-06-05 03:19:00.880868+01:00 - get Error - failed to connect 
2023-06-05 03:19:00.880868+01:00 - getweather Error - Failed to fetch source 
2023-06-05 03:19:15.885794+01:00 - news.config Error - title does not exist 
2023-06-05 03:19:15.885794+01:00 - get Error - failed to connect 
2023-06-05 03:19:15.885794+01:00 - get Error - failed to connect 
2023-06-05 03:19:15.887787+01:00 - getstatuses Error - Failed to fetch source 
2023-06-05 03:19:15.887787+01:00 - getstatuses Error - Failed to fetch source 
2023-06-05 03:19:15.891784+01:00 - get Error - failed to connect 
2023-06-05 03:19:15.891784+01:00 - getstats Error - Failed to fetch source 
2023-06-05 03:19:15.891784+01:00 - getstats Error - Failed to parse source 
2023-06-05 03:19:30.899507+01:00 - news.config Error - title does not exist 
2023-06-05 03:19:30.899507+01:00 - get Error - failed to connect 
2023-06-05 03:19:30.900513+01:00 - get Error - failed to connect 
2023-06-05 03:19:30.900513+01:00 - getstatuses Error - Failed to fetch source 
2023-06-05 03:19:30.901484+01:00 - getstatuses Error - Failed to fetch source 
2023-06-05 03:19:30.904459+01:00 - get Error - failed to connect 
2023-06-05 03:19:30.905456+01:00 - getstats Error - Failed to fetch source 
2023-06-05 03:19:30.905456+01:00 - getstats Error - Failed to parse source 
2023-06-05 03:19:45.915342+01:00 - get Error - failed to connect 
2023-06-05 03:19:45.915342+01:00 - news.config Error - title does not exist 
2023-06-05 03:19:45.916339+01:00 - getstatuses Error - Failed to fetch source 
2023-06-05 03:19:45.916339+01:00 - getstatuses Error - Failed to fetch source 
2023-06-05 03:19:45.921325+01:00 - get Error - failed to connect 
2023-06-05 03:19:45.922322+01:00 - getstats Error - Failed to fetch source 
2023-06-05 03:19:45.922322+01:00 - getstats Error - Failed to parse source 
